setConfigHeaderFile complete
copyDataFile complete
copyQueryFile complete
make complete
Duplicate data points encountered:0
DistinctDataPoints data points indexed:100000
Total data points read:100000

Dsc dim: 120
Cnt dim: 0
Dir node size: 67
Leaf node size: 132

Dir node minimum utilization: 0.3
Leaf node minimum utilization: 0.3

Number of disk blocks: 1041
Number of vectors indexed: 100000
Height: 3

nodeSplitType 0
DISK_BLOCK_SIZE 16384
BestChild heuristics used for covered_area: 186279
BestChild heuristics used for notcovered_overlap_enlarge: 5961
BestChild heuristics used for notcovered_area_enlarge:    0
BestChild heuristics used for notcovered_area:    0

Number of dir nodes: 16 (root is excluded)
Number of leaf nodes: 1024
AVG number of entries in dir nodes: 64
AVG number of entries in leaf nodes: 97.6562

Dir node utilization: 0.955224
Leaf node utilization: 0.73982
Utilization: 0.741515

Query Time (in seconds): 0.00217329
For range: 1 range query I/O: 16.86
Result size: 1
distance computation: 1398.23
Query Time (in seconds): 0.00638254
For range: 2 range query I/O: 67.23
Result size: 1
distance computation: 6126.13
Query Time (in seconds): 0.0140327
For range: 3 range query I/O: 190.09
Result size: 1
distance computation: 17999.3
Query Time (in seconds): 0.025742
For range: 4 range query I/O: 399.72
Result size: 1
distance computation: 38440.4
Query Time (in seconds): 0.0397667
For range: 5 range query I/O: 651.2
Result size: 1
distance computation: 62997.8
Query Time (in seconds): 0.0519045
For range: 6 range query I/O: 861.81
Result size: 1
distance computation: 83556
Query Time (in seconds): 0.0595409
For range: 7 range query I/O: 983.43
Result size: 1
distance computation: 95421.9
Query Time (in seconds): 0.0627798
For range: 8 range query I/O: 1029.3
Result size: 1
distance computation: 99900
Query Time (in seconds): 0.0641087
For range: 9 range query I/O: 1039.83
Result size: 1
distance computation: 100926
