cds_data/data_100000_20_15_u_10_ppgeh.txt
copyDataFile complete
cds_query/query_100000_20_15_u_10_ppgeh.txt
copyQueryFile complete
make complete
86840 : 1.70788   : 0.656456  >> 0.656456
48879 : 1.70235   : 0.592577  >> 0.592577
98208 : 1.70209   : 0.721023  >> 0.721023
29843 : 1.69765   : 0.766983  >> 0.766983
98837 : 1.67978   : 0.671913  >> 0.671913
80751 : 1.67198   : 0.666795  >> 0.666795
1858 : 1.66172   : 0.685367  >> 0.685367
24301 : 1.65327   : 0.84751  >> 0.84751
62948 : 1.63164   : 0.688657  >> 0.688657
92523 : 1.62922   : 0.881764  >> 0.881764
__________________
67739 : 1.829   : 0.514297  >> 0.514297
52321 : 1.82817   : 0.512061  >> 0.512061
81397 : 1.8273   : 0.520888  >> 0.520888
29843 : 1.82135   : 0.562965  >> 0.562965
98837 : 1.80288   : 0.546527  >> 0.546527
80751 : 1.79317   : 0.540227  >> 0.540227
1858 : 1.78472   : 0.554826  >> 0.554826
24301 : 1.77838   : 0.695277  >> 0.695277
62948 : 1.75556   : 0.638845  >> 0.638845
92523 : 1.74699   : 0.742813  >> 0.742813
__________________
86840 : 1.75089   : 0.693601  >> 0.693601
98208 : 1.74327   : 0.739746  >> 0.739746
48879 : 1.7418   : 0.654717  >> 0.654717
29843 : 1.74098   : 0.787513  >> 0.787513
98837 : 1.71921   : 0.76698  >> 0.76698
80751 : 1.70776   : 0.747404  >> 0.747404
1858 : 1.69475   : 0.781719  >> 0.781719
24301 : 1.69086   : 0.881783  >> 0.881783
92523 : 1.67304   : 0.922202  >> 0.922202
62948 : 1.65397   : 0.832542  >> 0.832542
__________________
68238 : 1.89727   : 0.676988  >> 0.676988
98208 : 1.89528   : 0.668507  >> 0.668507
52321 : 1.89524   : 0.69196  >> 0.69196
29843 : 1.88768   : 0.665079  >> 0.665079
80751 : 1.86825   : 0.693607  >> 0.693607
98837 : 1.86708   : 0.698528  >> 0.698528
24301 : 1.83726   : 0.806136  >> 0.806136
1858 : 1.83459   : 0.748949  >> 0.748949
92523 : 1.8183   : 0.794717  >> 0.794717
62948 : 1.81345   : 0.754988  >> 0.754988
__________________
67739 : 1.92385   : 0.55275  >> 0.55275
48879 : 1.9213   : 0.455503  >> 0.455503
52321 : 1.91972   : 0.558888  >> 0.558888
29843 : 1.90834   : 0.558887  >> 0.558887
98837 : 1.89364   : 0.550676  >> 0.550676
80751 : 1.88619   : 0.548597  >> 0.548597
1858 : 1.87001   : 0.578949  >> 0.578949
24301 : 1.86477   : 0.68202  >> 0.68202
62948 : 1.84435   : 0.60587  >> 0.60587
92523 : 1.8383   : 0.717831  >> 0.717831
__________________
52321 : 1.76971   : 0.668495  >> 0.668495
98208 : 1.76373   : 0.678662  >> 0.678662
29843 : 1.76006   : 0.701777  >> 0.701777
48879 : 1.7593   : 0.569012  >> 0.569012
98837 : 1.73982   : 0.678657  >> 0.678657
80751 : 1.72935   : 0.5983  >> 0.5983
1858 : 1.71624   : 0.637078  >> 0.637078
24301 : 1.71517   : 0.803301  >> 0.803301
92523 : 1.69729   : 0.814552  >> 0.814552
62948 : 1.6802   : 0.685333  >> 0.685333
__________________
86840 : 1.96325   : 0.617057  >> 0.617057
48879 : 1.96089   : 0.576967  >> 0.576967
98208 : 1.95946   : 0.668505  >> 0.668505
29843 : 1.94439   : 0.695244  >> 0.695244
98837 : 1.93394   : 0.661642  >> 0.661642
80751 : 1.92848   : 0.670199  >> 0.670199
1858 : 1.91555   : 0.668514  >> 0.668514
24301 : 1.89878   : 0.797603  >> 0.797603
62948 : 1.88273   : 0.708232  >> 0.708232
92523 : 1.87976   : 0.828426  >> 0.828426
__________________
29843 : 1.8773   : 0.780244  >> 0.780244
48879 : 1.87075   : 0.656464  >> 0.656464
52321 : 1.86779   : 0.750452  >> 0.750452
98208 : 1.86682   : 0.777327  >> 0.777327
98837 : 1.84342   : 0.741288  >> 0.741288
80751 : 1.83376   : 0.736652  >> 0.736652
1858 : 1.822   : 0.747428  >> 0.747428
24301 : 1.81988   : 0.885659  >> 0.885659
92523 : 1.80178   : 0.918493  >> 0.918493
62948 : 1.78266   : 0.7474  >> 0.7474
__________________
67739 : 1.94461   : 0.453012  >> 0.453012
68238 : 1.94351   : 0.49163  >> 0.49163
86840 : 1.94161   : 0.42709  >> 0.42709
98837 : 1.93033   : 0.479887  >> 0.479887
29843 : 1.92519   : 0.538118  >> 0.538118
80751 : 1.91557   : 0.462957  >> 0.462957
1858 : 1.90853   : 0.516512  >> 0.516512
24301 : 1.89847   : 0.622611  >> 0.622611
62948 : 1.88258   : 0.586761  >> 0.586761
92523 : 1.85995   : 0.603997  >> 0.603997
__________________
67739 : 1.6082   : 0.337645  >> 0.337645
86840 : 1.60745   : 0.421706  >> 0.421706
98837 : 1.60642   : 0.465402  >> 0.465402
81397 : 1.60552   : 0.372924  >> 0.372924
29843 : 1.6055   : 0.546519  >> 0.546519
24301 : 1.59129   : 0.573011  >> 0.573011
1858 : 1.58914   : 0.498535  >> 0.498535
80751 : 1.58271   : 0.477498  >> 0.477498
62948 : 1.56055   : 0.574977  >> 0.574977
92523 : 1.53661   : 0.592551  >> 0.592551
__________________
48879 : 1.73841   : 0.477495  >> 0.477495
81397 : 1.73729   : 0.52306  >> 0.52306
52321 : 1.73692   : 0.572989  >> 0.572989
29843 : 1.7326   : 0.633464  >> 0.633464
98837 : 1.71804   : 0.607751  >> 0.607751
1858 : 1.69864   : 0.611508  >> 0.611508
24301 : 1.69825   : 0.744359  >> 0.744359
80751 : 1.69794   : 0.578926  >> 0.578926
92523 : 1.66792   : 0.762494  >> 0.762494
62948 : 1.65881   : 0.681992  >> 0.681992
__________________
98208 : 1.90468   : 0.564989  >> 0.564989
48879 : 1.90365   : 0.437639  >> 0.437639
86840 : 1.90129   : 0.516486  >> 0.516486
29843 : 1.88977   : 0.600201  >> 0.600201
98837 : 1.88058   : 0.560935  >> 0.560935
80751 : 1.87369   : 0.578934  >> 0.578934
1858 : 1.86785   : 0.556874  >> 0.556874
24301 : 1.85364   : 0.716269  >> 0.716269
62948 : 1.83396   : 0.588692  >> 0.588692
92523 : 1.82267   : 0.768457  >> 0.768457
__________________
68238 : 1.83914   : 0.571013  >> 0.571013
67739 : 1.83623   : 0.455513  >> 0.455513
81397 : 1.8353   : 0.447924  >> 0.447924
29843 : 1.83112   : 0.618908  >> 0.618908
98837 : 1.81935   : 0.572999  >> 0.572999
80751 : 1.80297   : 0.507586  >> 0.507586
24301 : 1.7932   : 0.683692  >> 0.683692
1858 : 1.78901   : 0.552758  >> 0.552758
62948 : 1.76601   : 0.647704  >> 0.647704
92523 : 1.76165   : 0.652965  >> 0.652965
__________________
52321 : 1.63696   : 0.766973  >> 0.766973
29843 : 1.63143   : 0.778774  >> 0.778774
48879 : 1.63086   : 0.622584  >> 0.622584
98208 : 1.62527   : 0.748937  >> 0.748937
98837 : 1.6066   : 0.775846  >> 0.775846
80751 : 1.6032   : 0.788956  >> 0.788956
24301 : 1.58105   : 0.909781  >> 0.909781
1858 : 1.57889   : 0.772916  >> 0.772916
92523 : 1.56261   : 0.953802  >> 0.953802
62948 : 1.55866   : 0.813142  >> 0.813142
__________________
86840 : 1.83051   : 0.562953  >> 0.562953
48879 : 1.82994   : 0.486956  >> 0.486956
98208 : 1.82698   : 0.622587  >> 0.622587
29843 : 1.82409   : 0.661632  >> 0.661632
98837 : 1.80976   : 0.618905  >> 0.618905
1858 : 1.79444   : 0.604004  >> 0.604004
80751 : 1.79209   : 0.613352  >> 0.613352
24301 : 1.78613   : 0.74436  >> 0.74436
92523 : 1.75656   : 0.79471  >> 0.79471
62948 : 1.75185   : 0.637047  >> 0.637047
__________________
52321 : 1.63699   : 0.807522  >> 0.807522
29843 : 1.63448   : 0.821519  >> 0.821519
98208 : 1.62768   : 0.799019  >> 0.799019
48879 : 1.62519   : 0.698527  >> 0.698527
98837 : 1.6114   : 0.810348  >> 0.810348
80751 : 1.59049   : 0.765489  >> 0.765489
24301 : 1.59033   : 0.912284  >> 0.912284
1858 : 1.58594   : 0.78463  >> 0.78463
92523 : 1.57596   : 0.934483  >> 0.934483
62948 : 1.53602   : 0.824286  >> 0.824286
__________________
52321 : 1.85613   : 0.658184  >> 0.658184
48879 : 1.85422   : 0.556859  >> 0.556859
98208 : 1.85163   : 0.668508  >> 0.668508
29843 : 1.84863   : 0.721008  >> 0.721008
98837 : 1.82606   : 0.658192  >> 0.658192
80751 : 1.81844   : 0.659914  >> 0.659914
1858 : 1.8017   : 0.691981  >> 0.691981
24301 : 1.79632   : 0.803305  >> 0.803305
62948 : 1.7741   : 0.721001  >> 0.721001
92523 : 1.7698   : 0.844782  >> 0.844782
__________________
29843 : 1.81211   : 0.832549  >> 0.832549
48879 : 1.80928   : 0.708255  >> 0.708255
52321 : 1.80752   : 0.80186  >> 0.80186
98208 : 1.79444   : 0.813162  >> 0.813162
98837 : 1.78287   : 0.810353  >> 0.810353
80751 : 1.77352   : 0.800435  >> 0.800435
1858 : 1.75932   : 0.835305  >> 0.835305
24301 : 1.75723   : 0.949038  >> 0.949038
92523 : 1.73896   : 0.960951  >> 0.960951
62948 : 1.72026   : 0.815945  >> 0.815945
__________________
48879 : 1.99302   : 0.52525  >> 0.52525
98208 : 1.99071   : 0.642411  >> 0.642411
52321 : 1.9848   : 0.582853  >> 0.582853
29843 : 1.9828   : 0.642401  >> 0.642401
98837 : 1.96367   : 0.582857  >> 0.582857
1858 : 1.95176   : 0.60589  >> 0.60589
80751 : 1.95107   : 0.61149  >> 0.61149
24301 : 1.93793   : 0.730447  >> 0.730447
62948 : 1.91207   : 0.605863  >> 0.605863
92523 : 1.90949   : 0.769936  >> 0.769936
__________________
81397 : 1.91986   : 0.571008  >> 0.571008
67739 : 1.91795   : 0.556874  >> 0.556874
86840 : 1.91453   : 0.552745  >> 0.552745
29843 : 1.90576   : 0.638858  >> 0.638858
98837 : 1.8988   : 0.578948  >> 0.578948
80751 : 1.88741   : 0.611506  >> 0.611506
1858 : 1.88393   : 0.642436  >> 0.642436
24301 : 1.86634   : 0.695283  >> 0.695283
62948 : 1.84688   : 0.683675  >> 0.683675
92523 : 1.82918   : 0.733552  >> 0.733552
__________________
52321 : 1.68192   : 0.828427  >> 0.828427
29843 : 1.67961   : 0.839365  >> 0.839365
48879 : 1.67418   : 0.719431  >> 0.719431
98208 : 1.66449   : 0.814563  >> 0.814563
98837 : 1.65693   : 0.833921  >> 0.833921
80751 : 1.64918   : 0.818739  >> 0.818739
1858 : 1.6372   : 0.858189  >> 0.858189
24301 : 1.63506   : 0.957405  >> 0.957405
92523 : 1.62047   : 0.987858  >> 0.987858
62948 : 1.58966   : 0.800426  >> 0.800426
__________________
67739 : 1.9615   : 0.573018  >> 0.573018
48879 : 1.96105   : 0.538127  >> 0.538127
52321 : 1.95917   : 0.594485  >> 0.594485
29843 : 1.94946   : 0.594486  >> 0.594486
98837 : 1.93115   : 0.62076  >> 0.62076
80751 : 1.92833   : 0.592568  >> 0.592568
1858 : 1.90598   : 0.649499  >> 0.649499
24301 : 1.90112   : 0.73668  >> 0.73668
92523 : 1.8824   : 0.75197  >> 0.75197
62948 : 1.87667   : 0.683674  >> 0.683674
__________________
81397 : 1.75346   : 0.470276  >> 0.470276
48879 : 1.75036   : 0.44539  >> 0.44539
86840 : 1.74684   : 0.505331  >> 0.505331
29843 : 1.73624   : 0.628051  >> 0.628051
98837 : 1.73504   : 0.550682  >> 0.550682
80751 : 1.7203   : 0.482247  >> 0.482247
1858 : 1.71336   : 0.493948  >> 0.493948
24301 : 1.70982   : 0.698546  >> 0.698546
62948 : 1.68634   : 0.602095  >> 0.602095
92523 : 1.675   : 0.691957  >> 0.691957
__________________
86840 : 1.91238   : 0.611485  >> 0.611485
48879 : 1.91217   : 0.613359  >> 0.613359
98208 : 1.9091   : 0.683675  >> 0.683675
29843 : 1.89959   : 0.706623  >> 0.706623
98837 : 1.88185   : 0.656445  >> 0.656445
80751 : 1.87305   : 0.681998  >> 0.681998
1858 : 1.86629   : 0.666799  >> 0.666799
24301 : 1.85196   : 0.77291  >> 0.77291
92523 : 1.82878   : 0.810331  >> 0.810331
62948 : 1.82826   : 0.670184  >> 0.670184
__________________
67739 : 1.93226   : 0.598312  >> 0.598312
98208 : 1.93205   : 0.633478  >> 0.633478
86840 : 1.92967   : 0.558888  >> 0.558888
29843 : 1.91298   : 0.668493  >> 0.668493
98837 : 1.90749   : 0.658188  >> 0.658188
80751 : 1.89918   : 0.673592  >> 0.673592
1858 : 1.88871   : 0.730448  >> 0.730448
24301 : 1.87618   : 0.747422  >> 0.747422
92523 : 1.85216   : 0.783148  >> 0.783148
62948 : 1.84622   : 0.685332  >> 0.685332
__________________
81397 : 1.58523   : 0.57499  >> 0.57499
67739 : 1.58334   : 0.552765  >> 0.552765
86840 : 1.5784   : 0.509829  >> 0.509829
29843 : 1.57618   : 0.582869  >> 0.582869
98837 : 1.56763   : 0.525258  >> 0.525258
80751 : 1.55583   : 0.560939  >> 0.560939
1858 : 1.55311   : 0.605901  >> 0.605901
24301 : 1.54481   : 0.661674  >> 0.661674
62948 : 1.52638   : 0.64947  >> 0.64947
92523 : 1.49779   : 0.754996  >> 0.754996
__________________
52321 : 1.91419   : 0.703403  >> 0.703403
48879 : 1.91267   : 0.582871  >> 0.582871
29843 : 1.91213   : 0.709854  >> 0.709854
98208 : 1.90762   : 0.680343  >> 0.680343
98837 : 1.88935   : 0.716258  >> 0.716258
80751 : 1.88231   : 0.661642  >> 0.661642
24301 : 1.86293   : 0.84075  >> 0.84075
1858 : 1.86079   : 0.719448  >> 0.719448
92523 : 1.84507   : 0.838009  >> 0.838009
62948 : 1.82952   : 0.725731  >> 0.725731
__________________
48879 : 1.71996   : 0.500819  >> 0.500819
67739 : 1.71929   : 0.567018  >> 0.567018
86840 : 1.71316   : 0.493937  >> 0.493937
29843 : 1.70543   : 0.633484  >> 0.633484
98837 : 1.70508   : 0.592574  >> 0.592574
80751 : 1.69589   : 0.49853  >> 0.49853
1858 : 1.68745   : 0.607781  >> 0.607781
24301 : 1.68126   : 0.732027  >> 0.732027
92523 : 1.64864   : 0.709862  >> 0.709862
62948 : 1.64697   : 0.629866  >> 0.629866
__________________
48879 : 1.93893   : 0.512077  >> 0.512077
81397 : 1.93606   : 0.470283  >> 0.470283
29843 : 1.93247   : 0.609635  >> 0.609635
52321 : 1.93196   : 0.56297  >> 0.56297
98837 : 1.91052   : 0.562976  >> 0.562976
80751 : 1.89717   : 0.527417  >> 0.527417
1858 : 1.88685   : 0.558924  >> 0.558924
24301 : 1.88584   : 0.708276  >> 0.708276
92523 : 1.85929   : 0.688663  >> 0.688663
62948 : 1.85725   : 0.6021  >> 0.6021
__________________
48879 : 1.89046   : 0.615223  >> 0.615223
67739 : 1.89024   : 0.590648  >> 0.590648
52321 : 1.88585   : 0.661644  >> 0.661644
29843 : 1.88377   : 0.661648  >> 0.661648
80751 : 1.86058   : 0.628057  >> 0.628057
98837 : 1.85667   : 0.671912  >> 0.671912
24301 : 1.82999   : 0.791872  >> 0.791872
1858 : 1.82892   : 0.721029  >> 0.721029
92523 : 1.81461   : 0.771431  >> 0.771431
62948 : 1.80128   : 0.701777  >> 0.701777
__________________
52321 : 1.50751   : 0.839366  >> 0.839366
29843 : 1.49928   : 0.86873  >> 0.86873
48879 : 1.49607   : 0.765497  >> 0.765497
98208 : 1.48898   : 0.852851  >> 0.852851
98837 : 1.4842   : 0.847483  >> 0.847483
80751 : 1.47626   : 0.856841  >> 0.856841
1858 : 1.4682   : 0.873987  >> 0.873987
24301 : 1.46605   : 0.976272  >> 0.976272
92523 : 1.45542   : 0.997046  >> 0.997046
62948 : 1.42137   : 0.774366  >> 0.774366
__________________
52321 : 1.79057   : 0.703394  >> 0.703394
98208 : 1.78339   : 0.68368  >> 0.68368
48879 : 1.78104   : 0.605879  >> 0.605879
29843 : 1.77718   : 0.706632  >> 0.706632
98837 : 1.7611   : 0.738199  >> 0.738199
80751 : 1.75665   : 0.665073  >> 0.665073
24301 : 1.7326   : 0.848844  >> 0.848844
1858 : 1.72828   : 0.756516  >> 0.756516
92523 : 1.71949   : 0.838006  >> 0.838006
62948 : 1.69885   : 0.777307  >> 0.777307
__________________
68238 : 2.01499   : 0.556877  >> 0.556877
52321 : 2.01379   : 0.529581  >> 0.529581
67739 : 2.01134   : 0.477521  >> 0.477521
29843 : 2.00138   : 0.533871  >> 0.533871
98837 : 1.98784   : 0.533877  >> 0.533877
80751 : 1.98449   : 0.548617  >> 0.548617
1858 : 1.9712   : 0.60966  >> 0.60966
24301 : 1.95942   : 0.647746  >> 0.647746
62948 : 1.93779   : 0.586764  >> 0.586764
92523 : 1.92986   : 0.701784  >> 0.701784
__________________
52321 : 1.84206   : 0.49161  >> 0.49161
48879 : 1.84097   : 0.421719  >> 0.421719
86840 : 1.84062   : 0.498519  >> 0.498519
29843 : 1.8248   : 0.564978  >> 0.564978
98837 : 1.81806   : 0.50983  >> 0.50983
80751 : 1.80082   : 0.516491  >> 0.516491
1858 : 1.79892   : 0.50535  >> 0.50535
24301 : 1.79175   : 0.666812  >> 0.666812
62948 : 1.77155   : 0.564973  >> 0.564973
92523 : 1.76202   : 0.696887  >> 0.696887
__________________
67739 : 1.86076   : 0.437651  >> 0.437651
29843 : 1.85918   : 0.525249  >> 0.525249
81397 : 1.85878   : 0.479881  >> 0.479881
52321 : 1.85383   : 0.525251  >> 0.525251
98837 : 1.83199   : 0.503083  >> 0.503083
80751 : 1.82392   : 0.535991  >> 0.535991
24301 : 1.80824   : 0.62989  >> 0.62989
1858 : 1.8073   : 0.542355  >> 0.542355
62948 : 1.79325   : 0.57498  >> 0.57498
92523 : 1.77651   : 0.695251  >> 0.695251
__________________
1858 : 1.42393   : 0.467864  >> 0.467864
24301 : 1.42377   : 0.440252  >> 0.440252
81397 : 1.41757   : 0.350886  >> 0.350886
67739 : 1.41721   : 0.360512  >> 0.360512
68238 : 1.41715   : 0.460486  >> 0.460486
86840 : 1.41596   : 0.327349  >> 0.327349
80751 : 1.41151   : 0.407975  >> 0.407975
10780 : 1.41096   : 0.402346  >> 0.402346
62948 : 1.40752   : 0.457999  >> 0.457999
92523 : 1.33425   : 0.512054  >> 0.512054
__________________
52321 : 1.92053   : 0.523076  >> 0.523076
68238 : 1.91738   : 0.609645  >> 0.609645
67739 : 1.91669   : 0.489307  >> 0.489307
29843 : 1.91134   : 0.611501  >> 0.611501
98837 : 1.89563   : 0.518707  >> 0.518707
80751 : 1.88988   : 0.558901  >> 0.558901
1858 : 1.87072   : 0.604013  >> 0.604013
24301 : 1.86641   : 0.673623  >> 0.673623
62948 : 1.85589   : 0.572996  >> 0.572996
92523 : 1.83035   : 0.690317  >> 0.690317
__________________
48879 : 1.72727   : 0.615222  >> 0.615222
86840 : 1.72658   : 0.624406  >> 0.624406
29843 : 1.71425   : 0.784609  >> 0.784609
98208 : 1.71405   : 0.691968  >> 0.691968
98837 : 1.70111   : 0.708253  >> 0.708253
80751 : 1.69388   : 0.709854  >> 0.709854
1858 : 1.68015   : 0.730454  >> 0.730454
24301 : 1.67152   : 0.868758  >> 0.868758
62948 : 1.65396   : 0.748922  >> 0.748922
92523 : 1.64218   : 0.855511  >> 0.855511
__________________
48879 : 2.0606   : 0.574983  >> 0.574983
98208 : 2.06023   : 0.659915  >> 0.659915
29843 : 2.05383   : 0.65644  >> 0.65644
52321 : 2.05173   : 0.642398  >> 0.642398
98837 : 2.03076   : 0.638844  >> 0.638844
80751 : 2.02175   : 0.644172  >> 0.644172
1858 : 2.01118   : 0.673607  >> 0.673607
24301 : 2.00351   : 0.758016  >> 0.758016
92523 : 1.98326   : 0.784597  >> 0.784597
62948 : 1.97271   : 0.659903  >> 0.659903
__________________
68238 : 1.77558   : 0.70665  >> 0.70665
98208 : 1.76703   : 0.675293  >> 0.675293
48879 : 1.76475   : 0.637068  >> 0.637068
29843 : 1.75566   : 0.730433  >> 0.730433
98837 : 1.74799   : 0.705025  >> 0.705025
80751 : 1.74224   : 0.613357  >> 0.613357
24301 : 1.71967   : 0.836671  >> 0.836671
1858 : 1.71638   : 0.71467  >> 0.71467
92523 : 1.70341   : 0.765492  >> 0.765492
62948 : 1.68895   : 0.695246  >> 0.695246
__________________
84450 : 1.61622   : 0.53812  >> 0.53812
68238 : 1.61555   : 0.482259  >> 0.482259
98837 : 1.61212   : 0.479884  >> 0.479884
1858 : 1.60138   : 0.512078  >> 0.512078
86840 : 1.60133   : 0.432391  >> 0.432391
80751 : 1.59674   : 0.486956  >> 0.486956
29843 : 1.59543   : 0.470282  >> 0.470282
24301 : 1.5932   : 0.580928  >> 0.580928
62948 : 1.5671   : 0.529564  >> 0.529564
92523 : 1.54494   : 0.611494  >> 0.611494
__________________
67739 : 1.94387   : 0.472702  >> 0.472702
48879 : 1.94382   : 0.445377  >> 0.445377
52321 : 1.94134   : 0.550669  >> 0.550669
29843 : 1.93301   : 0.574975  >> 0.574975
98837 : 1.91725   : 0.566994  >> 0.566994
80751 : 1.91174   : 0.540218  >> 0.540218
1858 : 1.8947   : 0.605889  >> 0.605889
24301 : 1.89122   : 0.691975  >> 0.691975
62948 : 1.86773   : 0.594467  >> 0.594467
92523 : 1.86562   : 0.73664  >> 0.73664
__________________
81397 : 1.62125   : 0.437621  >> 0.437621
67739 : 1.61467   : 0.450471  >> 0.450471
68238 : 1.61158   : 0.419001  >> 0.419001
29843 : 1.61102   : 0.387907  >> 0.387907
98837 : 1.60964   : 0.442799  >> 0.442799
80751 : 1.59966   : 0.435012  >> 0.435012
24301 : 1.58765   : 0.533865  >> 0.533865
1858 : 1.58357   : 0.482255  >> 0.482255
62948 : 1.57297   : 0.560922  >> 0.560922
92523 : 1.54358   : 0.570987  >> 0.570987
__________________
48879 : 1.89996   : 0.622593  >> 0.622593
67739 : 1.89916   : 0.645968  >> 0.645968
52321 : 1.89844   : 0.671906  >> 0.671906
29843 : 1.89086   : 0.701785  >> 0.701785
98837 : 1.86765   : 0.688672  >> 0.688672
80751 : 1.86723   : 0.696892  >> 0.696892
1858 : 1.84524   : 0.758033  >> 0.758033
24301 : 1.83852   : 0.811782  >> 0.811782
92523 : 1.81784   : 0.842084  >> 0.842084
62948 : 1.81015   : 0.754994  >> 0.754994
__________________
52321 : 1.95842   : 0.698506  >> 0.698506
48879 : 1.95747   : 0.622579  >> 0.622579
29843 : 1.95701   : 0.760996  >> 0.760996
98208 : 1.95067   : 0.739737  >> 0.739737
98837 : 1.93482   : 0.711451  >> 0.711451
80751 : 1.92201   : 0.680316  >> 0.680316
1858 : 1.91315   : 0.708253  >> 0.708253
24301 : 1.90709   : 0.868747  >> 0.868747
92523 : 1.88727   : 0.860813  >> 0.860813
62948 : 1.87261   : 0.717821  >> 0.717821
__________________
68238 : 1.9061   : 0.624421  >> 0.624421
52321 : 1.90399   : 0.592554  >> 0.592554
67739 : 1.90322   : 0.546532  >> 0.546532
29843 : 1.89707   : 0.615213  >> 0.615213
98837 : 1.88256   : 0.600209  >> 0.600209
80751 : 1.87708   : 0.53811  >> 0.53811
24301 : 1.8571   : 0.725756  >> 0.725756
1858 : 1.85552   : 0.658201  >> 0.658201
92523 : 1.8334   : 0.709852  >> 0.709852
62948 : 1.82466   : 0.603985  >> 0.603985
__________________
67739 : 1.45803   : 0.442825  >> 0.442825
29843 : 1.45796   : 0.538116  >> 0.538116
98837 : 1.45747   : 0.460482  >> 0.460482
86840 : 1.45531   : 0.467847  >> 0.467847
81397 : 1.45273   : 0.384966  >> 0.384966
24301 : 1.44306   : 0.573019  >> 0.573019
1858 : 1.43465   : 0.396652  >> 0.396652
80751 : 1.43029   : 0.375981  >> 0.375981
62948 : 1.41525   : 0.594477  >> 0.594477
92523 : 1.391   : 0.596392  >> 0.596392
__________________
52321 : 1.56031   : 0.733544  >> 0.733544
48879 : 1.54893   : 0.6685  >> 0.6685
98208 : 1.54773   : 0.72731  >> 0.72731
29843 : 1.53996   : 0.754987  >> 0.754987
98837 : 1.53843   : 0.751974  >> 0.751974
80751 : 1.53477   : 0.73199  >> 0.73199
24301 : 1.51651   : 0.868756  >> 0.868756
1858 : 1.51123   : 0.82982  >> 0.82982
92523 : 1.5037   : 0.858172  >> 0.858172
62948 : 1.48057   : 0.68534  >> 0.68534
__________________
81397 : 1.85587   : 0.578927  >> 0.578927
67739 : 1.85357   : 0.491619  >> 0.491619
86840 : 1.84729   : 0.514271  >> 0.514271
29843 : 1.83398   : 0.586754  >> 0.586754
98837 : 1.82697   : 0.582857  >> 0.582857
80751 : 1.82259   : 0.62258  >> 0.62258
1858 : 1.81481   : 0.605893  >> 0.605893
24301 : 1.79734   : 0.698539  >> 0.698539
62948 : 1.78236   : 0.65644  >> 0.65644
92523 : 1.7643   : 0.751959  >> 0.751959
__________________
86840 : 1.92242   : 0.596392  >> 0.596392
98208 : 1.92204   : 0.620758  >> 0.620758
48879 : 1.91791   : 0.52958  >> 0.52958
29843 : 1.91045   : 0.690312  >> 0.690312
98837 : 1.90641   : 0.670204  >> 0.670204
80751 : 1.89779   : 0.615212  >> 0.615212
1858 : 1.89144   : 0.635292  >> 0.635292
24301 : 1.87605   : 0.80472  >> 0.80472
92523 : 1.85787   : 0.821518  >> 0.821518
62948 : 1.84576   : 0.700145  >> 0.700145
__________________
52321 : 1.85672   : 0.722587  >> 0.722587
48879 : 1.85655   : 0.642417  >> 0.642417
98208 : 1.84898   : 0.732002  >> 0.732002
29843 : 1.845   : 0.735102  >> 0.735102
98837 : 1.8238   : 0.744354  >> 0.744354
80751 : 1.8212   : 0.751968  >> 0.751968
1858 : 1.8056   : 0.777335  >> 0.777335
24301 : 1.79187   : 0.864815  >> 0.864815
92523 : 1.77414   : 0.898409  >> 0.898409
62948 : 1.76491   : 0.80893  >> 0.80893
__________________
29843 : 1.88282   : 0.739734  >> 0.739734
48879 : 1.88247   : 0.615216  >> 0.615216
52321 : 1.88059   : 0.705013  >> 0.705013
98208 : 1.87851   : 0.701785  >> 0.701785
98837 : 1.85635   : 0.714655  >> 0.714655
80751 : 1.85047   : 0.670194  >> 0.670194
24301 : 1.83021   : 0.85286  >> 0.85286
1858 : 1.82393   : 0.739749  >> 0.739749
92523 : 1.81102   : 0.836643  >> 0.836643
62948 : 1.80005   : 0.730419  >> 0.730419
__________________
68238 : 2.01407   : 0.533872  >> 0.533872
67739 : 2.01327   : 0.479893  >> 0.479893
86840 : 2.01206   : 0.460479  >> 0.460479
29843 : 1.99586   : 0.576964  >> 0.576964
98837 : 1.9954   : 0.50081  >> 0.50081
80751 : 1.98146   : 0.489291  >> 0.489291
1858 : 1.97322   : 0.536009  >> 0.536009
24301 : 1.96228   : 0.635296  >> 0.635296
62948 : 1.94736   : 0.580897  >> 0.580897
92523 : 1.92652   : 0.649467  >> 0.649467
__________________
48879 : 1.8884   : 0.598319  >> 0.598319
83841 : 1.88682   : 0.730442  >> 0.730442
86840 : 1.88492   : 0.626235  >> 0.626235
29843 : 1.87796   : 0.731999  >> 0.731999
98837 : 1.87053   : 0.696896  >> 0.696896
80751 : 1.86086   : 0.647715  >> 0.647715
1858 : 1.8594   : 0.673621  >> 0.673621
24301 : 1.84009   : 0.821552  >> 0.821552
92523 : 1.81928   : 0.829808  >> 0.829808
62948 : 1.80371   : 0.731989  >> 0.731989
__________________
52321 : 1.63859   : 0.535987  >> 0.535987
68238 : 1.63266   : 0.578948  >> 0.578948
67739 : 1.63236   : 0.542344  >> 0.542344
29843 : 1.6249   : 0.552743  >> 0.552743
98837 : 1.61354   : 0.560935  >> 0.560935
80751 : 1.61022   : 0.58286  >> 0.58286
24301 : 1.58961   : 0.703421  >> 0.703421
1858 : 1.5887   : 0.622599  >> 0.622599
62948 : 1.57312   : 0.668493  >> 0.668493
92523 : 1.55396   : 0.731991  >> 0.731991
__________________
67739 : 1.84185   : 0.527425  >> 0.527425
68238 : 1.84134   : 0.573011  >> 0.573011
86840 : 1.83636   : 0.472696  >> 0.472696
98837 : 1.82136   : 0.53812  >> 0.53812
29843 : 1.81758   : 0.571002  >> 0.571002
80751 : 1.81501   : 0.600208  >> 0.600208
1858 : 1.80504   : 0.649486  >> 0.649486
24301 : 1.7908   : 0.668523  >> 0.668523
62948 : 1.77658   : 0.582861  >> 0.582861
92523 : 1.75581   : 0.714655  >> 0.714655
__________________
48879 : 1.99396   : 0.611508  >> 0.611508
98208 : 1.99244   : 0.70826  >> 0.70826
29843 : 1.99095   : 0.698526  >> 0.698526
52321 : 1.98804   : 0.688663  >> 0.688663
98837 : 1.9645   : 0.688669  >> 0.688669
80751 : 1.95837   : 0.696891  >> 0.696891
1858 : 1.94728   : 0.71468  >> 0.71468
24301 : 1.9383   : 0.820162  >> 0.820162
92523 : 1.91912   : 0.852845  >> 0.852845
62948 : 1.90261   : 0.711451  >> 0.711451
__________________
52321 : 1.71525   : 0.765488  >> 0.765488
48879 : 1.71314   : 0.666798  >> 0.666798
29843 : 1.70963   : 0.780234  >> 0.780234
98208 : 1.70053   : 0.788965  >> 0.788965
98837 : 1.6917   : 0.783162  >> 0.783162
80751 : 1.68475   : 0.766974  >> 0.766974
1858 : 1.66854   : 0.786082  >> 0.786082
24301 : 1.66572   : 0.920989  >> 0.920989
92523 : 1.65149   : 0.918485  >> 0.918485
62948 : 1.63624   : 0.759497  >> 0.759497
__________________
52321 : 1.62828   : 0.691958  >> 0.691958
98208 : 1.62345   : 0.736659  >> 0.736659
29843 : 1.62326   : 0.727301  >> 0.727301
48879 : 1.61852   : 0.596404  >> 0.596404
98837 : 1.60793   : 0.691965  >> 0.691965
24301 : 1.58993   : 0.831197  >> 0.831197
80751 : 1.5886   : 0.63167  >> 0.63167
1858 : 1.58626   : 0.665093  >> 0.665093
92523 : 1.57184   : 0.831178  >> 0.831178
62948 : 1.54244   : 0.66163  >> 0.66163
__________________
52321 : 1.66853   : 0.790404  >> 0.790404
29843 : 1.66367   : 0.864786  >> 0.864786
48879 : 1.65872   : 0.69197  >> 0.69197
98208 : 1.65045   : 0.815961  >> 0.815961
98837 : 1.64142   : 0.804703  >> 0.804703
80751 : 1.63176   : 0.79758  >> 0.79758
1858 : 1.6172   : 0.818762  >> 0.818762
24301 : 1.61642   : 0.965709  >> 0.965709
92523 : 1.5975   : 0.989012  >> 0.989012
62948 : 1.58383   : 0.804688  >> 0.804688
__________________
98208 : 1.83301   : 0.70178  >> 0.70178
48879 : 1.83047   : 0.600209  >> 0.600209
52321 : 1.8272   : 0.65471  >> 0.65471
29843 : 1.8248   : 0.665076  >> 0.665076
98837 : 1.80021   : 0.671905  >> 0.671905
80751 : 1.80003   : 0.645943  >> 0.645943
24301 : 1.7724   : 0.797603  >> 0.797603
1858 : 1.76909   : 0.711474  >> 0.711474
92523 : 1.75875   : 0.803277  >> 0.803277
62948 : 1.75027   : 0.701772  >> 0.701772
__________________
52321 : 1.87138   : 0.594475  >> 0.594475
98208 : 1.86964   : 0.620751  >> 0.620751
48879 : 1.86637   : 0.529573  >> 0.529573
29843 : 1.85182   : 0.635266  >> 0.635266
98837 : 1.84389   : 0.63527  >> 0.63527
80751 : 1.82993   : 0.6002  >> 0.6002
1858 : 1.81351   : 0.624424  >> 0.624424
24301 : 1.81209   : 0.75501  >> 0.75501
92523 : 1.79102   : 0.733541  >> 0.733541
62948 : 1.78954   : 0.716239  >> 0.716239
__________________
98208 : 1.77108   : 0.695255  >> 0.695255
48879 : 1.77056   : 0.573007  >> 0.573007
29843 : 1.76993   : 0.633472  >> 0.633472
52321 : 1.7617   : 0.651221  >> 0.651221
98837 : 1.74254   : 0.661648  >> 0.661648
80751 : 1.74011   : 0.624409  >> 0.624409
24301 : 1.72285   : 0.794739  >> 0.794739
1858 : 1.71974   : 0.675305  >> 0.675305
92523 : 1.70844   : 0.794718  >> 0.794718
62948 : 1.68999   : 0.647706  >> 0.647706
__________________
52321 : 1.67832   : 0.671893  >> 0.671893
98208 : 1.67512   : 0.701778  >> 0.701778
48879 : 1.67496   : 0.644182  >> 0.644182
29843 : 1.66056   : 0.688651  >> 0.688651
98837 : 1.65246   : 0.658191  >> 0.658191
80751 : 1.64866   : 0.656448  >> 0.656448
1858 : 1.62703   : 0.724173  >> 0.724173
24301 : 1.62692   : 0.780258  >> 0.780258
92523 : 1.60701   : 0.7565  >> 0.7565
62948 : 1.59988   : 0.611492  >> 0.611492
__________________
86840 : 1.86329   : 0.531716  >> 0.531716
81397 : 1.86329   : 0.609628  >> 0.609628
67739 : 1.86296   : 0.584829  >> 0.584829
29843 : 1.84633   : 0.598305  >> 0.598305
98837 : 1.83214   : 0.605884  >> 0.605884
80751 : 1.82826   : 0.603995  >> 0.603995
1858 : 1.81048   : 0.656471  >> 0.656471
24301 : 1.80034   : 0.711483  >> 0.711483
62948 : 1.77982   : 0.690308  >> 0.690308
92523 : 1.77767   : 0.73665  >> 0.73665
__________________
67739 : 1.77842   : 0.529581  >> 0.529581
86840 : 1.77743   : 0.475096  >> 0.475096
48879 : 1.774   : 0.369869  >> 0.369869
29843 : 1.76454   : 0.569002  >> 0.569002
98837 : 1.75527   : 0.535991  >> 0.535991
80751 : 1.74478   : 0.493922  >> 0.493922
1858 : 1.73253   : 0.523091  >> 0.523091
24301 : 1.73113   : 0.696909  >> 0.696909
62948 : 1.70813   : 0.596388  >> 0.596388
92523 : 1.69864   : 0.728867  >> 0.728867
__________________
9445 : 1.58043   : 0.762502  >> 0.762502
48879 : 1.579   : 0.588704  >> 0.588704
29843 : 1.57063   : 0.763995  >> 0.763995
98208 : 1.56452   : 0.739748  >> 0.739748
98837 : 1.55703   : 0.711463  >> 0.711463
80751 : 1.54487   : 0.741275  >> 0.741275
1858 : 1.53377   : 0.733563  >> 0.733563
24301 : 1.53119   : 0.855533  >> 0.855533
62948 : 1.51039   : 0.724151  >> 0.724151
92523 : 1.50351   : 0.884342  >> 0.884342
__________________
48879 : 2.04947   : 0.544436  >> 0.544436
52321 : 2.04799   : 0.63706  >> 0.63706
98208 : 2.04775   : 0.622592  >> 0.622592
29843 : 2.03898   : 0.658185  >> 0.658185
98837 : 2.01965   : 0.633475  >> 0.633475
80751 : 2.01132   : 0.64947  >> 0.64947
1858 : 2.00326   : 0.65124  >> 0.65124
24301 : 1.98972   : 0.74437  >> 0.74437
92523 : 1.96323   : 0.797578  >> 0.797578
62948 : 1.9629   : 0.678644  >> 0.678644
__________________
67739 : 1.7736   : 0.540228  >> 0.540228
98208 : 1.77324   : 0.562962  >> 0.562962
86840 : 1.76976   : 0.4916  >> 0.4916
29843 : 1.75607   : 0.574973  >> 0.574973
98837 : 1.74864   : 0.598301  >> 0.598301
80751 : 1.74508   : 0.633469  >> 0.633469
1858 : 1.73273   : 0.642422  >> 0.642422
24301 : 1.72337   : 0.705032  >> 0.705032
62948 : 1.70031   : 0.62804  >> 0.62804
92523 : 1.69132   : 0.763988  >> 0.763988
__________________
86840 : 1.99104   : 0.479874  >> 0.479874
48879 : 1.98886   : 0.531722  >> 0.531722
67739 : 1.98875   : 0.542344  >> 0.542344
29843 : 1.97333   : 0.600203  >> 0.600203
98837 : 1.96664   : 0.603998  >> 0.603998
80751 : 1.95676   : 0.571002  >> 0.571002
1858 : 1.94451   : 0.640646  >> 0.640646
24301 : 1.93791   : 0.700171  >> 0.700171
92523 : 1.91413   : 0.703397  >> 0.703397
62948 : 1.90295   : 0.61521  >> 0.61521
__________________
67739 : 1.78594   : 0.542339  >> 0.542339
48879 : 1.77802   : 0.432391  >> 0.432391
86840 : 1.77557   : 0.516484  >> 0.516484
29843 : 1.76246   : 0.572991  >> 0.572991
98837 : 1.76019   : 0.584806  >> 0.584806
80751 : 1.75099   : 0.558889  >> 0.558889
1858 : 1.74251   : 0.548616  >> 0.548616
24301 : 1.73331   : 0.713073  >> 0.713073
62948 : 1.71009   : 0.654702  >> 0.654702
92523 : 1.7047   : 0.744337  >> 0.744337
__________________
48879 : 1.91712   : 0.482255  >> 0.482255
52321 : 1.91367   : 0.5887  >> 0.5887
98208 : 1.91317   : 0.622592  >> 0.622592
29843 : 1.9111   : 0.682003  >> 0.682003
98837 : 1.88983   : 0.5964  >> 0.5964
80751 : 1.87731   : 0.59063  >> 0.59063
1858 : 1.86986   : 0.611515  >> 0.611515
24301 : 1.86274   : 0.765513  >> 0.765513
62948 : 1.83935   : 0.661634  >> 0.661634
92523 : 1.82958   : 0.794715  >> 0.794715
__________________
67739 : 1.70609   : 0.538125  >> 0.538125
48879 : 1.70577   : 0.375981  >> 0.375981
81397 : 1.70499   : 0.509826  >> 0.509826
29843 : 1.69825   : 0.548604  >> 0.548604
98837 : 1.68277   : 0.531719  >> 0.531719
80751 : 1.66897   : 0.516491  >> 0.516491
24301 : 1.65997   : 0.673617  >> 0.673617
1858 : 1.65908   : 0.509843  >> 0.509843
62948 : 1.63757   : 0.629855  >> 0.629855
92523 : 1.62447   : 0.728869  >> 0.728869
__________________
86125 : 1.52301   : 0.668507  >> 0.668507
48879 : 1.51465   : 0.663363  >> 0.663363
98208 : 1.51106   : 0.759514  >> 0.759514
29843 : 1.50627   : 0.777311  >> 0.777311
98837 : 1.49714   : 0.768468  >> 0.768468
80751 : 1.48629   : 0.761008  >> 0.761008
24301 : 1.46945   : 0.895893  >> 0.895893
1858 : 1.46237   : 0.825692  >> 0.825692
92523 : 1.45148   : 0.875273  >> 0.875273
62948 : 1.44056   : 0.831172  >> 0.831172
__________________
52321 : 1.71069   : 0.736639  >> 0.736639
48879 : 1.70626   : 0.637058  >> 0.637058
29843 : 1.69861   : 0.742803  >> 0.742803
98208 : 1.6986   : 0.701778  >> 0.701778
98837 : 1.6825   : 0.736647  >> 0.736647
80751 : 1.67303   : 0.713051  >> 0.713051
24301 : 1.65517   : 0.844795  >> 0.844795
1858 : 1.65453   : 0.784621  >> 0.784621
92523 : 1.63073   : 0.836638  >> 0.836638
62948 : 1.62026   : 0.781687  >> 0.781687
__________________
52321 : 1.92973   : 0.6936  >> 0.6936
48879 : 1.92752   : 0.590632  >> 0.590632
29843 : 1.91968   : 0.735096  >> 0.735096
98208 : 1.91756   : 0.690316  >> 0.690316
98837 : 1.90356   : 0.709854  >> 0.709854
80751 : 1.89465   : 0.695243  >> 0.695243
1858 : 1.87852   : 0.756514  >> 0.756514
24301 : 1.87275   : 0.843453  >> 0.843453
92523 : 1.84851   : 0.859494  >> 0.859494
62948 : 1.84341   : 0.747396  >> 0.747396
__________________
52321 : 1.78804   : 0.804696  >> 0.804696
29843 : 1.78659   : 0.856844  >> 0.856844
48879 : 1.78205   : 0.745886  >> 0.745886
98208 : 1.7779   : 0.81875  >> 0.81875
98837 : 1.76019   : 0.827059  >> 0.827059
80751 : 1.74729   : 0.794717  >> 0.794717
24301 : 1.73333   : 0.960975  >> 0.960975
1858 : 1.72664   : 0.835304  >> 0.835304
92523 : 1.71946   : 0.939352  >> 0.939352
62948 : 1.69479   : 0.846125  >> 0.846125
__________________
81397 : 1.78423   : 0.470284  >> 0.470284
67739 : 1.77962   : 0.43241  >> 0.43241
68238 : 1.77488   : 0.447954  >> 0.447954
98837 : 1.76852   : 0.479888  >> 0.479888
29843 : 1.7647   : 0.475112  >> 0.475112
80751 : 1.75525   : 0.509837  >> 0.509837
1858 : 1.74147   : 0.562985  >> 0.562985
24301 : 1.73895   : 0.569036  >> 0.569036
62948 : 1.72703   : 0.590635  >> 0.590635
92523 : 1.70257   : 0.588703  >> 0.588703
__________________
68238 : 1.78138   : 0.613372  >> 0.613372
86840 : 1.77794   : 0.533858  >> 0.533858
98208 : 1.77633   : 0.604002  >> 0.604002
29843 : 1.75937   : 0.611496  >> 0.611496
98837 : 1.75119   : 0.622587  >> 0.622587
80751 : 1.75039   : 0.670202  >> 0.670202
1858 : 1.73062   : 0.69198  >> 0.69198
24301 : 1.71932   : 0.744372  >> 0.744372
62948 : 1.70641   : 0.705014  >> 0.705014
92523 : 1.68981   : 0.777312  >> 0.777312
__________________
48879 : 2.08769   : 0.594484  >> 0.594484
52321 : 2.08334   : 0.666789  >> 0.666789
98208 : 2.07961   : 0.67021  >> 0.67021
29843 : 2.07446   : 0.683672  >> 0.683672
98837 : 2.0551   : 0.670208  >> 0.670208
80751 : 2.04952   : 0.678652  >> 0.678652
1858 : 2.02982   : 0.716265  >> 0.716265
24301 : 2.0216   : 0.790427  >> 0.790427
92523 : 2.0022   : 0.796152  >> 0.796152
62948 : 1.99929   : 0.713053  >> 0.713053
__________________
98208 : 1.70503   : 0.728882  >> 0.728882
29843 : 1.70461   : 0.687  >> 0.687
48879 : 1.70271   : 0.602115  >> 0.602115
52321 : 1.69997   : 0.673597  >> 0.673597
98837 : 1.68225   : 0.663373  >> 0.663373
80751 : 1.67027   : 0.629861  >> 0.629861
24301 : 1.66258   : 0.810368  >> 0.810368
1858 : 1.65402   : 0.663382  >> 0.663382
92523 : 1.64779   : 0.784613  >> 0.784613
62948 : 1.62797   : 0.628044  >> 0.628044
__________________
52321 : 1.93964   : 0.638843  >> 0.638843
98208 : 1.9331   : 0.624416  >> 0.624416
48879 : 1.93118   : 0.566999  >> 0.566999
29843 : 1.92265   : 0.656444  >> 0.656444
98837 : 1.91068   : 0.659915  >> 0.659915
80751 : 1.90984   : 0.607748  >> 0.607748
1858 : 1.88962   : 0.659927  >> 0.659927
24301 : 1.88353   : 0.787529  >> 0.787529
92523 : 1.86471   : 0.775837  >> 0.775837
62948 : 1.85327   : 0.642389  >> 0.642389
__________________
98208 : 2.03211   : 0.631679  >> 0.631679
67739 : 2.03116   : 0.564999  >> 0.564999
52321 : 2.02901   : 0.598304  >> 0.598304
29843 : 2.02187   : 0.64947  >> 0.64947
98837 : 2.00428   : 0.624418  >> 0.624418
80751 : 2.00084   : 0.592562  >> 0.592562
1858 : 1.98162   : 0.683695  >> 0.683695
24301 : 1.97399   : 0.767002  >> 0.767002
92523 : 1.95144   : 0.758007  >> 0.758007
62948 : 1.94673   : 0.670198  >> 0.670198
__________________
52321 : 1.84125   : 0.622574  >> 0.622574
81397 : 1.83902   : 0.596387  >> 0.596387
67739 : 1.83842   : 0.550686  >> 0.550686
29843 : 1.83582   : 0.633468  >> 0.633468
98837 : 1.81278   : 0.615211  >> 0.615211
80751 : 1.80418   : 0.652968  >> 0.652968
1858 : 1.78887   : 0.695262  >> 0.695262
24301 : 1.78276   : 0.703414  >> 0.703414
62948 : 1.76198   : 0.727297  >> 0.727297
92523 : 1.75335   : 0.735092  >> 0.735092
__________________
67739 : 1.67233   : 0.432404  >> 0.432404
81397 : 1.66901   : 0.475097  >> 0.475097
86840 : 1.66709   : 0.477489  >> 0.477489
29843 : 1.66665   : 0.525248  >> 0.525248
98837 : 1.6637   : 0.4751  >> 0.4751
1858 : 1.64887   : 0.489305  >> 0.489305
80751 : 1.64519   : 0.50983  >> 0.50983
24301 : 1.63939   : 0.556874  >> 0.556874
62948 : 1.6242   : 0.628045  >> 0.628045
92523 : 1.58555   : 0.622574  >> 0.622574
__________________
86840 : 2.01587   : 0.452981  >> 0.452981
68238 : 2.01195   : 0.584822  >> 0.584822
67739 : 2.01038   : 0.509837  >> 0.509837
29843 : 1.99815   : 0.570998  >> 0.570998
98837 : 1.98488   : 0.546521  >> 0.546521
80751 : 1.98425   : 0.548597  >> 0.548597
1858 : 1.96231   : 0.594497  >> 0.594497
24301 : 1.95231   : 0.678673  >> 0.678673
62948 : 1.9405   : 0.631662  >> 0.631662
92523 : 1.92116   : 0.711449  >> 0.711449
__________________
29843 : 1.68877   : 0.850162  >> 0.850162
52321 : 1.68526   : 0.783157  >> 0.783157
48879 : 1.68304   : 0.709863  >> 0.709863
98208 : 1.67744   : 0.833926  >> 0.833926
98837 : 1.66273   : 0.806117  >> 0.806117
80751 : 1.64933   : 0.807524  >> 0.807524
1858 : 1.64479   : 0.806136  >> 0.806136
24301 : 1.64034   : 0.966888  >> 0.966888
92523 : 1.62396   : 0.983229  >> 0.983229
62948 : 1.60003   : 0.820126  >> 0.820126
__________________
86840 : 1.75427   : 0.688653  >> 0.688653
48879 : 1.7511   : 0.631676  >> 0.631676
98208 : 1.74292   : 0.741287  >> 0.741287
29843 : 1.74093   : 0.777311  >> 0.777311
98837 : 1.72956   : 0.750453  >> 0.750453
80751 : 1.71507   : 0.761008  >> 0.761008
1858 : 1.70716   : 0.774392  >> 0.774392
24301 : 1.69803   : 0.875295  >> 0.875295
92523 : 1.67685   : 0.905989  >> 0.905989
62948 : 1.66962   : 0.806105  >> 0.806105
__________________
81397 : 1.91011   : 0.562958  >> 0.562958
67739 : 1.90805   : 0.505352  >> 0.505352
68238 : 1.90769   : 0.615227  >> 0.615227
29843 : 1.89492   : 0.631673  >> 0.631673
98837 : 1.88138   : 0.605881  >> 0.605881
80751 : 1.8754   : 0.607759  >> 0.607759
1858 : 1.85514   : 0.605898  >> 0.605898
24301 : 1.84884   : 0.708269  >> 0.708269
62948 : 1.83617   : 0.696882  >> 0.696882
92523 : 1.81967   : 0.724159  >> 0.724159
__________________
86840 : 1.83964   : 0.651222  >> 0.651222
48879 : 1.83909   : 0.620761  >> 0.620761
98208 : 1.83448   : 0.719441  >> 0.719441
29843 : 1.82287   : 0.735105  >> 0.735105
98837 : 1.81339   : 0.690324  >> 0.690324
80751 : 1.8068   : 0.736657  >> 0.736657
1858 : 1.79786   : 0.738223  >> 0.738223
24301 : 1.78152   : 0.829838  >> 0.829838
62948 : 1.76283   : 0.706634  >> 0.706634
92523 : 1.76015   : 0.880469  >> 0.880469
__________________
29843 : 1.69518   : 0.69031  >> 0.69031
67739 : 1.69446   : 0.668508  >> 0.668508
52321 : 1.68996   : 0.722581  >> 0.722581
48879 : 1.68983   : 0.631673  >> 0.631673
80751 : 1.66385   : 0.701772  >> 0.701772
98837 : 1.65753   : 0.722588  >> 0.722588
24301 : 1.6367   : 0.835303  >> 0.835303
1858 : 1.62754   : 0.738212  >> 0.738212
92523 : 1.62229   : 0.864782  >> 0.864782
62948 : 1.60585   : 0.771415  >> 0.771415
__________________
81397 : 1.90614   : 0.546534  >> 0.546534
98208 : 1.90598   : 0.620768  >> 0.620768
29843 : 1.90393   : 0.613369  >> 0.613369
52321 : 1.89504   : 0.594494  >> 0.594494
98837 : 1.87366   : 0.590652  >> 0.590652
80751 : 1.86632   : 0.588711  >> 0.588711
24301 : 1.84772   : 0.727341  >> 0.727341
1858 : 1.84622   : 0.628082  >> 0.628082
62948 : 1.82838   : 0.666794  >> 0.666794
92523 : 1.82135   : 0.758018  >> 0.758018
__________________
68238 : 1.92257   : 0.4893  >> 0.4893
81397 : 1.92091   : 0.421705  >> 0.421705
67739 : 1.91973   : 0.379009  >> 0.379009
29843 : 1.91387   : 0.505335  >> 0.505335
98837 : 1.9047   : 0.462952  >> 0.462952
80751 : 1.89275   : 0.503078  >> 0.503078
1858 : 1.88659   : 0.505354  >> 0.505354
24301 : 1.87822   : 0.575005  >> 0.575005
62948 : 1.86194   : 0.560927  >> 0.560927
92523 : 1.83296   : 0.609623  >> 0.609623
__________________
67739 : 1.90702   : 0.51208  >> 0.51208
81397 : 1.90639   : 0.486962  >> 0.486962
52321 : 1.90545   : 0.514293  >> 0.514293
29843 : 1.89783   : 0.592569  >> 0.592569
98837 : 1.88205   : 0.527429  >> 0.527429
80751 : 1.86984   : 0.546531  >> 0.546531
1858 : 1.86396   : 0.536021  >> 0.536021
24301 : 1.8563   : 0.693642  >> 0.693642
62948 : 1.83581   : 0.600207  >> 0.600207
92523 : 1.82064   : 0.722595  >> 0.722595
__________________
81397 : 1.92347   : 0.486953  >> 0.486953
67739 : 1.92216   : 0.450487  >> 0.450487
86840 : 1.92194   : 0.479878  >> 0.479878
29843 : 1.90563   : 0.611501  >> 0.611501
98837 : 1.90309   : 0.540234  >> 0.540234
80751 : 1.89012   : 0.550681  >> 0.550681
1858 : 1.88479   : 0.604014  >> 0.604014
24301 : 1.87461   : 0.67362  >> 0.67362
62948 : 1.85345   : 0.592557  >> 0.592557
92523 : 1.84277   : 0.696885  >> 0.696885
__________________
67739 : 1.81954   : 0.458015  >> 0.458015
81397 : 1.81852   : 0.493929  >> 0.493929
86840 : 1.80817   : 0.472698  >> 0.472698
29843 : 1.80519   : 0.516498  >> 0.516498
98837 : 1.80263   : 0.450479  >> 0.450479
1858 : 1.79678   : 0.529598  >> 0.529598
80751 : 1.78944   : 0.548614  >> 0.548614
24301 : 1.77774   : 0.584842  >> 0.584842
62948 : 1.76337   : 0.5589  >> 0.5589
92523 : 1.7247   : 0.682006  >> 0.682006
__________________
48879 : 2.00754   : 0.580909  >> 0.580909
86840 : 2.00446   : 0.562963  >> 0.562963
98208 : 2.00018   : 0.622595  >> 0.622595
29843 : 1.98974   : 0.695252  >> 0.695252
98837 : 1.98198   : 0.675294  >> 0.675294
80751 : 1.97571   : 0.652974  >> 0.652974
1858 : 1.96177   : 0.714677  >> 0.714677
24301 : 1.94768   : 0.800464  >> 0.800464
92523 : 1.92174   : 0.788961  >> 0.788961
62948 : 1.9209   : 0.736648  >> 0.736648
__________________
68238 : 2.01397   : 0.518709  >> 0.518709
48879 : 2.01395   : 0.455511  >> 0.455511
52321 : 2.01276   : 0.516491  >> 0.516491
29843 : 1.99785   : 0.512057  >> 0.512057
98837 : 1.9862   : 0.529578  >> 0.529578
80751 : 1.98367   : 0.491614  >> 0.491614
1858 : 1.96433   : 0.554821  >> 0.554821
24301 : 1.95835   : 0.654738  >> 0.654738
62948 : 1.93638   : 0.546518  >> 0.546518
92523 : 1.93622   : 0.665079  >> 0.665079
__________________
48879 : 2.00744   : 0.52526  >> 0.52526
52321 : 2.0073   : 0.613365  >> 0.613365
98208 : 2.00506   : 0.624424  >> 0.624424
29843 : 1.99991   : 0.693612  >> 0.693612
98837 : 1.98127   : 0.631682  >> 0.631682
80751 : 1.96856   : 0.615221  >> 0.615221
1858 : 1.95717   : 0.624439  >> 0.624439
24301 : 1.95119   : 0.772928  >> 0.772928
62948 : 1.92828   : 0.687001  >> 0.687001
92523 : 1.92376   : 0.784615  >> 0.784615
__________________
86840 : 1.8877   : 0.678645  >> 0.678645
83841 : 1.88763   : 0.742813  >> 0.742813
29843 : 1.88273   : 0.756495  >> 0.756495
98208 : 1.88263   : 0.735106  >> 0.735106
98837 : 1.86302   : 0.744346  >> 0.744346
1858 : 1.8534   : 0.725749  >> 0.725749
80751 : 1.84995   : 0.727298  >> 0.727298
24301 : 1.83426   : 0.859516  >> 0.859516
92523 : 1.81601   : 0.900936  >> 0.900936
62948 : 1.7912   : 0.780228  >> 0.780228
__________________
REF_PT_TIME,3e-05,INSRT_TIME,0.112296,AVG_QUERY_TIME,0.647088,AVG_HITS,0,AVG_COMP,97147.4,AVG_DIST,0,AVG_TR_DIST,194791,END
