cds_data/data_100000_60_15_u_10_ppgeh.txt
copyDataFile complete
cds_query/query_100000_60_15_u_10_ppgeh.txt
copyQueryFile complete
make complete
__________________
__________________
__________________
__________________
__________________
__________________
__________________
__________________
__________________
__________________
__________________
__________________
__________________
__________________
__________________
__________________
__________________
__________________
__________________
__________________
__________________
__________________
__________________
__________________
__________________
__________________
__________________
__________________
__________________
__________________
__________________
__________________
__________________
__________________
__________________
__________________
__________________
__________________
__________________
__________________
__________________
__________________
__________________
__________________
__________________
__________________
__________________
__________________
__________________
__________________
__________________
__________________
__________________
__________________
__________________
__________________
__________________
__________________
__________________
__________________
__________________
__________________
__________________
__________________
__________________
__________________
__________________
__________________
__________________
__________________
__________________
__________________
__________________
__________________
__________________
__________________
__________________
__________________
__________________
__________________
__________________
__________________
__________________
__________________
__________________
__________________
__________________
__________________
__________________
__________________
__________________
__________________
__________________
__________________
__________________
__________________
__________________
__________________
__________________
__________________
REF_PT_TIME,3.2e-05,INSRT_TIME,0.128553,AVG_QUERY_TIME,0.524524,AVG_HITS,0,AVG_COMP,100000,AVG_DIST,0,AVG_TR_DIST,199999,END
