cds_data/data_100000_20_15_u_10_ppgeh.txt
copyDataFile complete
cds_query/query_100000_20_15_u_10_ppgeh.txt
copyQueryFile complete
make complete
80751 : 1.73823   : 0.666795  >> 0.666795
24301 : 1.72578   : 0.84751  >> 0.84751
1858 : 1.72268   : 0.685367  >> 0.685367
62948 : 1.69542   : 0.688657  >> 0.688657
92523 : 1.69439   : 0.881764  >> 0.881764
__________________
80751 : 1.80294   : 0.540227  >> 0.540227
1858 : 1.79684   : 0.554826  >> 0.554826
24301 : 1.77648   : 0.695277  >> 0.695277
62948 : 1.75257   : 0.638845  >> 0.638845
92523 : 1.71949   : 0.742813  >> 0.742813
__________________
80751 : 1.76548   : 0.747404  >> 0.747404
24301 : 1.75327   : 0.881783  >> 0.881783
1858 : 1.7504   : 0.781719  >> 0.781719
62948 : 1.72237   : 0.832542  >> 0.832542
92523 : 1.72046   : 0.922202  >> 0.922202
__________________
80751 : 1.95948   : 0.693607  >> 0.693607
1858 : 1.94232   : 0.748949  >> 0.748949
24301 : 1.93295   : 0.806136  >> 0.806136
62948 : 1.91361   : 0.754988  >> 0.754988
92523 : 1.88904   : 0.794717  >> 0.794717
__________________
80751 : 1.9073   : 0.548597  >> 0.548597
1858 : 1.885   : 0.578949  >> 0.578949
24301 : 1.87313   : 0.68202  >> 0.68202
62948 : 1.86228   : 0.60587  >> 0.60587
92523 : 1.83491   : 0.717831  >> 0.717831
__________________
80751 : 1.76226   : 0.5983  >> 0.5983
24301 : 1.75325   : 0.803301  >> 0.803301
1858 : 1.74688   : 0.637078  >> 0.637078
62948 : 1.74226   : 0.685333  >> 0.685333
92523 : 1.71379   : 0.814552  >> 0.814552
__________________
80751 : 1.97063   : 0.670199  >> 0.670199
1858 : 1.95294   : 0.668514  >> 0.668514
24301 : 1.95068   : 0.797603  >> 0.797603
62948 : 1.92754   : 0.708232  >> 0.708232
92523 : 1.91416   : 0.828426  >> 0.828426
__________________
80751 : 1.92724   : 0.736652  >> 0.736652
24301 : 1.92274   : 0.885659  >> 0.885659
1858 : 1.91351   : 0.747428  >> 0.747428
62948 : 1.89542   : 0.7474  >> 0.7474
92523 : 1.89001   : 0.918493  >> 0.918493
__________________
98837 : 1.84245   : 0.479887  >> 0.479887
1858 : 1.82931   : 0.516512  >> 0.516512
24301 : 1.8156   : 0.622611  >> 0.622611
62948 : 1.78081   : 0.586761  >> 0.586761
92523 : 1.76511   : 0.603997  >> 0.603997
__________________
29843 : 1.42241   : 0.546519  >> 0.546519
24301 : 1.41052   : 0.573011  >> 0.573011
86840 : 1.40109   : 0.421706  >> 0.421706
62948 : 1.35841   : 0.574977  >> 0.574977
92523 : 1.34716   : 0.592551  >> 0.592551
__________________
98837 : 1.73239   : 0.607751  >> 0.607751
1858 : 1.73225   : 0.611508  >> 0.611508
24301 : 1.7035   : 0.744359  >> 0.744359
62948 : 1.6848   : 0.681992  >> 0.681992
92523 : 1.66639   : 0.762494  >> 0.762494
__________________
80751 : 1.87691   : 0.578934  >> 0.578934
1858 : 1.86503   : 0.556874  >> 0.556874
24301 : 1.85244   : 0.716269  >> 0.716269
62948 : 1.838   : 0.588692  >> 0.588692
92523 : 1.80745   : 0.768457  >> 0.768457
__________________
80751 : 1.73666   : 0.507586  >> 0.507586
1858 : 1.72716   : 0.552758  >> 0.552758
24301 : 1.71668   : 0.683692  >> 0.683692
62948 : 1.68223   : 0.647704  >> 0.647704
92523 : 1.66029   : 0.652965  >> 0.652965
__________________
80751 : 1.7267   : 0.788956  >> 0.788956
1858 : 1.71114   : 0.772916  >> 0.772916
24301 : 1.71067   : 0.909781  >> 0.909781
62948 : 1.70428   : 0.813142  >> 0.813142
92523 : 1.67467   : 0.953802  >> 0.953802
__________________
80751 : 1.76849   : 0.613352  >> 0.613352
1858 : 1.75315   : 0.604004  >> 0.604004
24301 : 1.74068   : 0.74436  >> 0.74436
62948 : 1.73217   : 0.637047  >> 0.637047
92523 : 1.71204   : 0.79471  >> 0.79471
__________________
80751 : 1.65077   : 0.765489  >> 0.765489
24301 : 1.6431   : 0.912284  >> 0.912284
1858 : 1.63447   : 0.78463  >> 0.78463
62948 : 1.61835   : 0.824286  >> 0.824286
92523 : 1.61818   : 0.934483  >> 0.934483
__________________
80751 : 1.85417   : 0.659914  >> 0.659914
1858 : 1.83212   : 0.691981  >> 0.691981
24301 : 1.83045   : 0.803305  >> 0.803305
62948 : 1.80836   : 0.721001  >> 0.721001
92523 : 1.7992   : 0.844782  >> 0.844782
__________________
80751 : 1.89567   : 0.800435  >> 0.800435
24301 : 1.89204   : 0.949038  >> 0.949038
1858 : 1.88979   : 0.835305  >> 0.835305
62948 : 1.86947   : 0.815945  >> 0.815945
92523 : 1.86041   : 0.960951  >> 0.960951
__________________
80751 : 1.92541   : 0.61149  >> 0.61149
1858 : 1.91556   : 0.60589  >> 0.60589
24301 : 1.89966   : 0.730447  >> 0.730447
62948 : 1.86635   : 0.605863  >> 0.605863
92523 : 1.86314   : 0.769936  >> 0.769936
__________________
80751 : 1.80978   : 0.611506  >> 0.611506
1858 : 1.79707   : 0.642436  >> 0.642436
24301 : 1.78863   : 0.695283  >> 0.695283
92523 : 1.74253   : 0.733552  >> 0.733552
62948 : 1.73299   : 0.683675  >> 0.683675
__________________
24301 : 1.76735   : 0.957405  >> 0.957405
80751 : 1.75657   : 0.818739  >> 0.818739
1858 : 1.75442   : 0.858189  >> 0.858189
62948 : 1.73953   : 0.800426  >> 0.800426
92523 : 1.73561   : 0.987858  >> 0.987858
__________________
80751 : 1.97348   : 0.592568  >> 0.592568
1858 : 1.96128   : 0.649499  >> 0.649499
24301 : 1.9485   : 0.73668  >> 0.73668
62948 : 1.92492   : 0.683674  >> 0.683674
92523 : 1.90011   : 0.75197  >> 0.75197
__________________
80751 : 1.66921   : 0.482247  >> 0.482247
1858 : 1.65668   : 0.493948  >> 0.493948
24301 : 1.65339   : 0.698546  >> 0.698546
62948 : 1.62817   : 0.602095  >> 0.602095
92523 : 1.59907   : 0.691957  >> 0.691957
__________________
80751 : 1.80679   : 0.681998  >> 0.681998
24301 : 1.79847   : 0.77291  >> 0.77291
1858 : 1.79387   : 0.666799  >> 0.666799
62948 : 1.76365   : 0.670184  >> 0.670184
92523 : 1.75975   : 0.810331  >> 0.810331
__________________
80751 : 1.85495   : 0.673592  >> 0.673592
1858 : 1.8433   : 0.730448  >> 0.730448
24301 : 1.8388   : 0.747422  >> 0.747422
92523 : 1.801   : 0.783148  >> 0.783148
62948 : 1.79324   : 0.685332  >> 0.685332
__________________
98837 : 1.51766   : 0.525258  >> 0.525258
1858 : 1.50973   : 0.605901  >> 0.605901
24301 : 1.49256   : 0.661674  >> 0.661674
62948 : 1.46698   : 0.64947  >> 0.64947
92523 : 1.44998   : 0.754996  >> 0.754996
__________________
80751 : 1.98734   : 0.661642  >> 0.661642
1858 : 1.97909   : 0.719448  >> 0.719448
24301 : 1.97046   : 0.84075  >> 0.84075
62948 : 1.96358   : 0.725731  >> 0.725731
92523 : 1.92839   : 0.838009  >> 0.838009
__________________
80751 : 1.68617   : 0.49853  >> 0.49853
24301 : 1.67924   : 0.732027  >> 0.732027
1858 : 1.67856   : 0.607781  >> 0.607781
62948 : 1.64655   : 0.629866  >> 0.629866
92523 : 1.62481   : 0.709862  >> 0.709862
__________________
80751 : 1.87724   : 0.527417  >> 0.527417
1858 : 1.86398   : 0.558924  >> 0.558924
24301 : 1.85082   : 0.708276  >> 0.708276
62948 : 1.82617   : 0.6021  >> 0.6021
92523 : 1.80716   : 0.688663  >> 0.688663
__________________
80751 : 1.89271   : 0.628057  >> 0.628057
1858 : 1.88588   : 0.721029  >> 0.721029
24301 : 1.88269   : 0.791872  >> 0.791872
62948 : 1.85677   : 0.701777  >> 0.701777
92523 : 1.83165   : 0.771431  >> 0.771431
__________________
24301 : 1.57733   : 0.976272  >> 0.976272
1858 : 1.56262   : 0.873987  >> 0.873987
80751 : 1.56096   : 0.856841  >> 0.856841
92523 : 1.54721   : 0.997046  >> 0.997046
62948 : 1.53592   : 0.774366  >> 0.774366
__________________
80751 : 1.87901   : 0.665073  >> 0.665073
1858 : 1.86524   : 0.756516  >> 0.756516
24301 : 1.86154   : 0.848844  >> 0.848844
62948 : 1.84803   : 0.777307  >> 0.777307
92523 : 1.82075   : 0.838006  >> 0.838006
__________________
80751 : 1.90115   : 0.548617  >> 0.548617
1858 : 1.89405   : 0.60966  >> 0.60966
24301 : 1.87714   : 0.647746  >> 0.647746
62948 : 1.8472   : 0.586764  >> 0.586764
92523 : 1.82687   : 0.701784  >> 0.701784
__________________
98837 : 1.78041   : 0.50983  >> 0.50983
1858 : 1.76358   : 0.50535  >> 0.50535
24301 : 1.74386   : 0.666812  >> 0.666812
62948 : 1.73073   : 0.564973  >> 0.564973
92523 : 1.70748   : 0.696887  >> 0.696887
__________________
80751 : 1.73387   : 0.535991  >> 0.535991
1858 : 1.72284   : 0.542355  >> 0.542355
24301 : 1.70167   : 0.62989  >> 0.62989
62948 : 1.68354   : 0.57498  >> 0.57498
92523 : 1.65032   : 0.695251  >> 0.695251
__________________
81397 : 1.16216   : 0.350886  >> 0.350886
10780 : 1.15282   : 0.402346  >> 0.402346
86840 : 1.14276   : 0.327349  >> 0.327349
62948 : 1.09868   : 0.457999  >> 0.457999
92523 : 1.09253   : 0.512054  >> 0.512054
__________________
29843 : 1.81788   : 0.611501  >> 0.611501
1858 : 1.80614   : 0.604013  >> 0.604013
24301 : 1.79116   : 0.673623  >> 0.673623
92523 : 1.7457   : 0.690317  >> 0.690317
62948 : 1.74513   : 0.572996  >> 0.572996
__________________
80751 : 1.76098   : 0.709854  >> 0.709854
1858 : 1.75496   : 0.730454  >> 0.730454
24301 : 1.7462   : 0.868758  >> 0.868758
62948 : 1.71863   : 0.748922  >> 0.748922
92523 : 1.70602   : 0.855511  >> 0.855511
__________________
80751 : 2.0009   : 0.644172  >> 0.644172
1858 : 1.9928   : 0.673607  >> 0.673607
24301 : 1.97867   : 0.758016  >> 0.758016
62948 : 1.94398   : 0.659903  >> 0.659903
92523 : 1.93761   : 0.784597  >> 0.784597
__________________
80751 : 1.84033   : 0.613357  >> 0.613357
24301 : 1.83502   : 0.836671  >> 0.836671
1858 : 1.8298   : 0.71467  >> 0.71467
62948 : 1.80537   : 0.695246  >> 0.695246
92523 : 1.78778   : 0.765492  >> 0.765492
__________________
1858 : 1.48792   : 0.512078  >> 0.512078
86840 : 1.48744   : 0.432391  >> 0.432391
24301 : 1.48341   : 0.580928  >> 0.580928
62948 : 1.43815   : 0.529564  >> 0.529564
92523 : 1.41324   : 0.611494  >> 0.611494
__________________
80751 : 1.88218   : 0.540218  >> 0.540218
1858 : 1.87662   : 0.605889  >> 0.605889
24301 : 1.85621   : 0.691975  >> 0.691975
62948 : 1.8413   : 0.594467  >> 0.594467
92523 : 1.80793   : 0.73664  >> 0.73664
__________________
98837 : 1.50412   : 0.442799  >> 0.442799
1858 : 1.50285   : 0.482255  >> 0.482255
24301 : 1.4896   : 0.533865  >> 0.533865
62948 : 1.46004   : 0.560922  >> 0.560922
92523 : 1.40937   : 0.570987  >> 0.570987
__________________
80751 : 1.8912   : 0.696892  >> 0.696892
1858 : 1.88223   : 0.758033  >> 0.758033
24301 : 1.87682   : 0.811782  >> 0.811782
62948 : 1.83505   : 0.754994  >> 0.754994
92523 : 1.83254   : 0.842084  >> 0.842084
__________________
80751 : 2.04893   : 0.680316  >> 0.680316
1858 : 2.03359   : 0.708253  >> 0.708253
24301 : 2.0301   : 0.868747  >> 0.868747
62948 : 2.0094   : 0.717821  >> 0.717821
92523 : 2.00054   : 0.860813  >> 0.860813
__________________
80751 : 1.87268   : 0.53811  >> 0.53811
1858 : 1.86276   : 0.658201  >> 0.658201
24301 : 1.8533   : 0.725756  >> 0.725756
62948 : 1.82231   : 0.603985  >> 0.603985
92523 : 1.80735   : 0.709852  >> 0.709852
__________________
1858 : 1.26984   : 0.396652  >> 0.396652
86840 : 1.26499   : 0.467847  >> 0.467847
24301 : 1.26476   : 0.573019  >> 0.573019
62948 : 1.2241   : 0.594477  >> 0.594477
92523 : 1.19836   : 0.596392  >> 0.596392
__________________
80751 : 1.60622   : 0.73199  >> 0.73199
24301 : 1.60514   : 0.868756  >> 0.868756
1858 : 1.60171   : 0.82982  >> 0.82982
92523 : 1.57094   : 0.858172  >> 0.858172
62948 : 1.5696   : 0.68534  >> 0.68534
__________________
80751 : 1.80302   : 0.62258  >> 0.62258
1858 : 1.79832   : 0.605893  >> 0.605893
24301 : 1.78258   : 0.698539  >> 0.698539
62948 : 1.7537   : 0.65644  >> 0.65644
92523 : 1.72531   : 0.751959  >> 0.751959
__________________
80751 : 1.92672   : 0.615212  >> 0.615212
1858 : 1.91425   : 0.635292  >> 0.635292
24301 : 1.90941   : 0.80472  >> 0.80472
62948 : 1.89682   : 0.700145  >> 0.700145
92523 : 1.87018   : 0.821518  >> 0.821518
__________________
80751 : 1.90827   : 0.751968  >> 0.751968
1858 : 1.89552   : 0.777335  >> 0.777335
24301 : 1.89196   : 0.864815  >> 0.864815
62948 : 1.87105   : 0.80893  >> 0.80893
92523 : 1.8571   : 0.898409  >> 0.898409
__________________
80751 : 1.9522   : 0.670194  >> 0.670194
1858 : 1.94264   : 0.739749  >> 0.739749
24301 : 1.93491   : 0.85286  >> 0.85286
62948 : 1.91689   : 0.730419  >> 0.730419
92523 : 1.89198   : 0.836643  >> 0.836643
__________________
80751 : 1.87391   : 0.489291  >> 0.489291
1858 : 1.85622   : 0.536009  >> 0.536009
24301 : 1.84534   : 0.635296  >> 0.635296
62948 : 1.8082   : 0.580897  >> 0.580897
92523 : 1.80068   : 0.649467  >> 0.649467
__________________
80751 : 1.83382   : 0.647715  >> 0.647715
24301 : 1.83074   : 0.821552  >> 0.821552
1858 : 1.82681   : 0.673621  >> 0.673621
62948 : 1.80268   : 0.731989  >> 0.731989
92523 : 1.78676   : 0.829808  >> 0.829808
__________________
98837 : 1.66845   : 0.560935  >> 0.560935
1858 : 1.66575   : 0.622599  >> 0.622599
24301 : 1.64288   : 0.703421  >> 0.703421
62948 : 1.62546   : 0.668493  >> 0.668493
92523 : 1.58608   : 0.731991  >> 0.731991
__________________
98837 : 1.79087   : 0.53812  >> 0.53812
1858 : 1.78213   : 0.649486  >> 0.649486
24301 : 1.76635   : 0.668523  >> 0.668523
62948 : 1.73037   : 0.582861  >> 0.582861
92523 : 1.72876   : 0.714655  >> 0.714655
__________________
80751 : 2.01687   : 0.696891  >> 0.696891
1858 : 2.00781   : 0.71468  >> 0.71468
24301 : 2.00167   : 0.820162  >> 0.820162
62948 : 1.96898   : 0.711451  >> 0.711451
92523 : 1.96139   : 0.852845  >> 0.852845
__________________
80751 : 1.83686   : 0.766974  >> 0.766974
1858 : 1.82948   : 0.786082  >> 0.786082
24301 : 1.82456   : 0.920989  >> 0.920989
62948 : 1.81407   : 0.759497  >> 0.759497
92523 : 1.79356   : 0.918485  >> 0.918485
__________________
80751 : 1.66647   : 0.63167  >> 0.63167
24301 : 1.64836   : 0.831197  >> 0.831197
1858 : 1.64802   : 0.665093  >> 0.665093
62948 : 1.63285   : 0.66163  >> 0.66163
92523 : 1.6251   : 0.831178  >> 0.831178
__________________
80751 : 1.79192   : 0.79758  >> 0.79758
24301 : 1.78735   : 0.965709  >> 0.965709
1858 : 1.77491   : 0.818762  >> 0.818762
92523 : 1.76363   : 0.989012  >> 0.989012
62948 : 1.76011   : 0.804688  >> 0.804688
__________________
80751 : 1.88413   : 0.645943  >> 0.645943
1858 : 1.87146   : 0.711474  >> 0.711474
24301 : 1.86499   : 0.797603  >> 0.797603
62948 : 1.84249   : 0.701772  >> 0.701772
92523 : 1.82262   : 0.803277  >> 0.803277
__________________
98837 : 1.90451   : 0.63527  >> 0.63527
1858 : 1.88891   : 0.624424  >> 0.624424
24301 : 1.87064   : 0.75501  >> 0.75501
62948 : 1.85423   : 0.716239  >> 0.716239
92523 : 1.83195   : 0.733541  >> 0.733541
__________________
1858 : 1.80987   : 0.675305  >> 0.675305
80751 : 1.80981   : 0.624409  >> 0.624409
24301 : 1.79683   : 0.794739  >> 0.794739
62948 : 1.78309   : 0.647706  >> 0.647706
92523 : 1.7477   : 0.794718  >> 0.794718
__________________
80751 : 1.67725   : 0.656448  >> 0.656448
24301 : 1.67018   : 0.780258  >> 0.780258
1858 : 1.66024   : 0.724173  >> 0.724173
92523 : 1.63468   : 0.7565  >> 0.7565
62948 : 1.63075   : 0.611492  >> 0.611492
__________________
80751 : 1.79549   : 0.603995  >> 0.603995
1858 : 1.77941   : 0.656471  >> 0.656471
24301 : 1.77349   : 0.711483  >> 0.711483
62948 : 1.74822   : 0.690308  >> 0.690308
92523 : 1.73006   : 0.73665  >> 0.73665
__________________
80751 : 1.79119   : 0.493922  >> 0.493922
1858 : 1.77494   : 0.523091  >> 0.523091
24301 : 1.75703   : 0.696909  >> 0.696909
62948 : 1.75053   : 0.596388  >> 0.596388
92523 : 1.71076   : 0.728867  >> 0.728867
__________________
80751 : 1.6303   : 0.741275  >> 0.741275
1858 : 1.60639   : 0.733563  >> 0.733563
24301 : 1.59971   : 0.855533  >> 0.855533
62948 : 1.59287   : 0.724151  >> 0.724151
92523 : 1.58276   : 0.884342  >> 0.884342
__________________
80751 : 1.96926   : 0.64947  >> 0.64947
1858 : 1.95609   : 0.65124  >> 0.65124
24301 : 1.94862   : 0.74437  >> 0.74437
62948 : 1.91853   : 0.678644  >> 0.678644
92523 : 1.9068   : 0.797578  >> 0.797578
__________________
80751 : 1.75793   : 0.633469  >> 0.633469
1858 : 1.74625   : 0.642422  >> 0.642422
24301 : 1.73381   : 0.705032  >> 0.705032
62948 : 1.7163   : 0.62804  >> 0.62804
92523 : 1.68674   : 0.763988  >> 0.763988
__________________
80751 : 1.91089   : 0.571002  >> 0.571002
1858 : 1.89631   : 0.640646  >> 0.640646
24301 : 1.89009   : 0.700171  >> 0.700171
62948 : 1.86072   : 0.61521  >> 0.61521
92523 : 1.84886   : 0.703397  >> 0.703397
__________________
80751 : 1.79142   : 0.558889  >> 0.558889
1858 : 1.77956   : 0.548616  >> 0.548616
24301 : 1.76629   : 0.713073  >> 0.713073
62948 : 1.75641   : 0.654702  >> 0.654702
92523 : 1.71147   : 0.744337  >> 0.744337
__________________
80751 : 1.91551   : 0.59063  >> 0.59063
1858 : 1.89793   : 0.611515  >> 0.611515
24301 : 1.88101   : 0.765513  >> 0.765513
62948 : 1.86185   : 0.661634  >> 0.661634
92523 : 1.84888   : 0.794715  >> 0.794715
__________________
98837 : 1.7068   : 0.531719  >> 0.531719
1858 : 1.69395   : 0.509843  >> 0.509843
24301 : 1.67464   : 0.673617  >> 0.673617
62948 : 1.6678   : 0.629855  >> 0.629855
92523 : 1.62679   : 0.728869  >> 0.728869
__________________
98837 : 1.65298   : 0.768468  >> 0.768468
1858 : 1.6333   : 0.825692  >> 0.825692
24301 : 1.62613   : 0.895893  >> 0.895893
92523 : 1.60718   : 0.875273  >> 0.875273
62948 : 1.60289   : 0.831172  >> 0.831172
__________________
80751 : 1.74608   : 0.713051  >> 0.713051
24301 : 1.72596   : 0.844795  >> 0.844795
1858 : 1.72542   : 0.784621  >> 0.784621
62948 : 1.70472   : 0.781687  >> 0.781687
92523 : 1.69628   : 0.836638  >> 0.836638
__________________
80751 : 1.99971   : 0.695243  >> 0.695243
1858 : 1.98266   : 0.756514  >> 0.756514
24301 : 1.97381   : 0.843453  >> 0.843453
62948 : 1.95461   : 0.747396  >> 0.747396
92523 : 1.94678   : 0.859494  >> 0.859494
__________________
80751 : 1.88487   : 0.794717  >> 0.794717
24301 : 1.88084   : 0.960975  >> 0.960975
1858 : 1.87429   : 0.835304  >> 0.835304
62948 : 1.84637   : 0.846125  >> 0.846125
92523 : 1.84446   : 0.939352  >> 0.939352
__________________
98837 : 1.62685   : 0.479888  >> 0.479888
1858 : 1.62516   : 0.562985  >> 0.562985
24301 : 1.60717   : 0.569036  >> 0.569036
62948 : 1.5644   : 0.590635  >> 0.590635
92523 : 1.54628   : 0.588703  >> 0.588703
__________________
98837 : 1.81688   : 0.622587  >> 0.622587
1858 : 1.80091   : 0.69198  >> 0.69198
24301 : 1.78721   : 0.744372  >> 0.744372
62948 : 1.77143   : 0.705014  >> 0.705014
92523 : 1.74939   : 0.777312  >> 0.777312
__________________
80751 : 2.07776   : 0.678652  >> 0.678652
1858 : 2.06183   : 0.716265  >> 0.716265
24301 : 2.05205   : 0.790427  >> 0.790427
62948 : 2.02866   : 0.713053  >> 0.713053
92523 : 2.0173   : 0.796152  >> 0.796152
__________________
80751 : 1.74836   : 0.629861  >> 0.629861
1858 : 1.7342   : 0.663382  >> 0.663382
24301 : 1.72914   : 0.810368  >> 0.810368
62948 : 1.71394   : 0.628044  >> 0.628044
92523 : 1.69469   : 0.784613  >> 0.784613
__________________
80751 : 1.98298   : 0.607748  >> 0.607748
24301 : 1.97749   : 0.787529  >> 0.787529
1858 : 1.97684   : 0.659927  >> 0.659927
62948 : 1.95498   : 0.642389  >> 0.642389
92523 : 1.92443   : 0.775837  >> 0.775837
__________________
80751 : 2.05383   : 0.592562  >> 0.592562
1858 : 2.04489   : 0.683695  >> 0.683695
24301 : 2.02899   : 0.767002  >> 0.767002
62948 : 1.99607   : 0.670198  >> 0.670198
92523 : 1.98683   : 0.758007  >> 0.758007
__________________
29843 : 1.71147   : 0.633468  >> 0.633468
1858 : 1.69903   : 0.695262  >> 0.695262
24301 : 1.68616   : 0.703414  >> 0.703414
62948 : 1.64314   : 0.727297  >> 0.727297
92523 : 1.64314   : 0.735092  >> 0.735092
__________________
1858 : 1.44065   : 0.489305  >> 0.489305
86840 : 1.43966   : 0.477489  >> 0.477489
24301 : 1.43456   : 0.556874  >> 0.556874
62948 : 1.38727   : 0.628045  >> 0.628045
92523 : 1.36663   : 0.622574  >> 0.622574
__________________
80751 : 1.95417   : 0.548597  >> 0.548597
1858 : 1.9386   : 0.594497  >> 0.594497
24301 : 1.92455   : 0.678673  >> 0.678673
62948 : 1.90568   : 0.631662  >> 0.631662
92523 : 1.87485   : 0.711449  >> 0.711449
__________________
80751 : 1.81275   : 0.807524  >> 0.807524
1858 : 1.8045   : 0.806136  >> 0.806136
24301 : 1.79978   : 0.966888  >> 0.966888
92523 : 1.77337   : 0.983229  >> 0.983229
62948 : 1.77061   : 0.820126  >> 0.820126
__________________
80751 : 1.82188   : 0.761008  >> 0.761008
1858 : 1.80047   : 0.774392  >> 0.774392
24301 : 1.79261   : 0.875295  >> 0.875295
62948 : 1.77476   : 0.806105  >> 0.806105
92523 : 1.77409   : 0.905989  >> 0.905989
__________________
80751 : 1.81072   : 0.607759  >> 0.607759
1858 : 1.79925   : 0.605898  >> 0.605898
24301 : 1.7905   : 0.708269  >> 0.708269
62948 : 1.75965   : 0.696882  >> 0.696882
92523 : 1.73313   : 0.724159  >> 0.724159
__________________
80751 : 1.87608   : 0.736657  >> 0.736657
1858 : 1.86175   : 0.738223  >> 0.738223
24301 : 1.85963   : 0.829838  >> 0.829838
92523 : 1.83022   : 0.880469  >> 0.880469
62948 : 1.82188   : 0.706634  >> 0.706634
__________________
80751 : 1.7114   : 0.701772  >> 0.701772
24301 : 1.70807   : 0.835303  >> 0.835303
1858 : 1.70208   : 0.738212  >> 0.738212
62948 : 1.68508   : 0.771415  >> 0.771415
92523 : 1.65187   : 0.864782  >> 0.864782
__________________
80751 : 1.87465   : 0.588711  >> 0.588711
1858 : 1.86138   : 0.628082  >> 0.628082
24301 : 1.83653   : 0.727341  >> 0.727341
62948 : 1.82625   : 0.666794  >> 0.666794
92523 : 1.7949   : 0.758018  >> 0.758018
__________________
98837 : 1.77511   : 0.462952  >> 0.462952
1858 : 1.76651   : 0.505354  >> 0.505354
24301 : 1.7506   : 0.575005  >> 0.575005
62948 : 1.7153   : 0.560927  >> 0.560927
92523 : 1.69581   : 0.609623  >> 0.609623
__________________
98837 : 1.88171   : 0.527429  >> 0.527429
1858 : 1.86846   : 0.536021  >> 0.536021
24301 : 1.85211   : 0.693642  >> 0.693642
62948 : 1.81892   : 0.600207  >> 0.600207
92523 : 1.80563   : 0.722595  >> 0.722595
__________________
80751 : 1.77516   : 0.550681  >> 0.550681
1858 : 1.77453   : 0.604014  >> 0.604014
24301 : 1.75674   : 0.67362  >> 0.67362
62948 : 1.70791   : 0.592557  >> 0.592557
92523 : 1.70672   : 0.696885  >> 0.696885
__________________
98837 : 1.64597   : 0.450479  >> 0.450479
1858 : 1.63935   : 0.529598  >> 0.529598
24301 : 1.62555   : 0.584842  >> 0.584842
62948 : 1.58442   : 0.5589  >> 0.5589
92523 : 1.57181   : 0.682006  >> 0.682006
__________________
80751 : 2.03912   : 0.652974  >> 0.652974
1858 : 2.02532   : 0.714677  >> 0.714677
24301 : 2.01736   : 0.800464  >> 0.800464
62948 : 1.98778   : 0.736648  >> 0.736648
92523 : 1.97771   : 0.788961  >> 0.788961
__________________
80751 : 1.93568   : 0.491614  >> 0.491614
1858 : 1.92718   : 0.554821  >> 0.554821
24301 : 1.91422   : 0.654738  >> 0.654738
62948 : 1.89752   : 0.546518  >> 0.546518
92523 : 1.86128   : 0.665079  >> 0.665079
__________________
80751 : 1.9815   : 0.615221  >> 0.615221
1858 : 1.96752   : 0.624439  >> 0.624439
24301 : 1.95253   : 0.772928  >> 0.772928
62948 : 1.92696   : 0.687001  >> 0.687001
92523 : 1.91326   : 0.784615  >> 0.784615
__________________
80751 : 1.85663   : 0.727298  >> 0.727298
1858 : 1.84779   : 0.725749  >> 0.725749
24301 : 1.84488   : 0.859516  >> 0.859516
62948 : 1.8244   : 0.780228  >> 0.780228
92523 : 1.81325   : 0.900936  >> 0.900936
__________________
REF_PT_TIME,3e-05,INSRT_TIME,0.112048,AVG_QUERY_TIME,0.639235,AVG_HITS,0,AVG_COMP,96254.5,AVG_DIST,0,AVG_TR_DIST,193176,END
