cds_data/data_100000_20_15_u_10_ppgeh.txt
copyDataFile complete
cds_query/query_100000_20_15_u_10_ppgeh.txt
copyQueryFile complete
make complete
92523 : 1.7135   : 0.881764  >> 0.881764
__________________
92523 : 1.74995   : 0.742813  >> 0.742813
__________________
92523 : 1.67076   : 0.922202  >> 0.922202
__________________
92523 : 1.80179   : 0.794717  >> 0.794717
__________________
92523 : 1.84614   : 0.717831  >> 0.717831
__________________
92523 : 1.71332   : 0.814552  >> 0.814552
__________________
92523 : 1.88047   : 0.828426  >> 0.828426
__________________
92523 : 1.87209   : 0.918493  >> 0.918493
__________________
92523 : 1.81873   : 0.603997  >> 0.603997
__________________
92523 : 1.43363   : 0.592551  >> 0.592551
__________________
92523 : 1.61803   : 0.762494  >> 0.762494
__________________
92523 : 1.86447   : 0.768457  >> 0.768457
__________________
92523 : 1.66674   : 0.652965  >> 0.652965
__________________
92523 : 1.65411   : 0.953802  >> 0.953802
__________________
92523 : 1.72798   : 0.79471  >> 0.79471
__________________
92523 : 1.51206   : 0.934483  >> 0.934483
__________________
92523 : 1.82656   : 0.844782  >> 0.844782
__________________
62948 : 1.82518   : 0.815945  >> 0.815945
__________________
92523 : 1.85492   : 0.769936  >> 0.769936
__________________
92523 : 1.76229   : 0.733552  >> 0.733552
__________________
92523 : 1.65646   : 0.987858  >> 0.987858
__________________
92523 : 1.83756   : 0.75197  >> 0.75197
__________________
92523 : 1.66693   : 0.691957  >> 0.691957
__________________
92523 : 1.78512   : 0.810331  >> 0.810331
__________________
92523 : 1.73211   : 0.783148  >> 0.783148
__________________
92523 : 1.54102   : 0.754996  >> 0.754996
__________________
92523 : 1.86156   : 0.838009  >> 0.838009
__________________
92523 : 1.65956   : 0.709862  >> 0.709862
__________________
92523 : 1.81559   : 0.688663  >> 0.688663
__________________
92523 : 1.80353   : 0.771431  >> 0.771431
__________________
62948 : 1.44659   : 0.774366  >> 0.774366
__________________
92523 : 1.71802   : 0.838006  >> 0.838006
__________________
92523 : 1.85325   : 0.701784  >> 0.701784
__________________
92523 : 1.73887   : 0.696887  >> 0.696887
__________________
92523 : 1.70701   : 0.695251  >> 0.695251
__________________
92523 : 1.23737   : 0.512054  >> 0.512054
__________________
92523 : 1.77044   : 0.690317  >> 0.690317
__________________
62948 : 1.73345   : 0.748922  >> 0.748922
__________________
92523 : 1.87757   : 0.784597  >> 0.784597
__________________
92523 : 1.70087   : 0.765492  >> 0.765492
__________________
92523 : 1.44712   : 0.611494  >> 0.611494
__________________
92523 : 1.81763   : 0.73664  >> 0.73664
__________________
92523 : 1.45776   : 0.570987  >> 0.570987
__________________
92523 : 1.80758   : 0.842084  >> 0.842084
__________________
92523 : 1.94372   : 0.860813  >> 0.860813
__________________
92523 : 1.75863   : 0.709852  >> 0.709852
__________________
92523 : 1.35498   : 0.596392  >> 0.596392
__________________
92523 : 1.44476   : 0.858172  >> 0.858172
__________________
92523 : 1.74845   : 0.751959  >> 0.751959
__________________
92523 : 1.8408   : 0.821518  >> 0.821518
__________________
92523 : 1.81844   : 0.898409  >> 0.898409
__________________
92523 : 1.84858   : 0.836643  >> 0.836643
__________________
92523 : 1.86033   : 0.649467  >> 0.649467
__________________
92523 : 1.79303   : 0.829808  >> 0.829808
__________________
92523 : 1.57327   : 0.731991  >> 0.731991
__________________
92523 : 1.712   : 0.714655  >> 0.714655
__________________
92523 : 1.90978   : 0.852845  >> 0.852845
__________________
62948 : 1.69122   : 0.759497  >> 0.759497
__________________
92523 : 1.54322   : 0.831178  >> 0.831178
__________________
92523 : 1.71327   : 0.989012  >> 0.989012
__________________
92523 : 1.74525   : 0.803277  >> 0.803277
__________________
92523 : 1.72944   : 0.733541  >> 0.733541
__________________
92523 : 1.69637   : 0.794718  >> 0.794718
__________________
92523 : 1.57185   : 0.7565  >> 0.7565
__________________
92523 : 1.7591   : 0.73665  >> 0.73665
__________________
92523 : 1.73898   : 0.728867  >> 0.728867
__________________
92523 : 1.55811   : 0.884342  >> 0.884342
__________________
92523 : 1.91078   : 0.797578  >> 0.797578
__________________
92523 : 1.69594   : 0.763988  >> 0.763988
__________________
92523 : 1.79178   : 0.703397  >> 0.703397
__________________
92523 : 1.72589   : 0.744337  >> 0.744337
__________________
92523 : 1.89032   : 0.794715  >> 0.794715
__________________
92523 : 1.64671   : 0.728869  >> 0.728869
__________________
92523 : 1.45919   : 0.875273  >> 0.875273
__________________
92523 : 1.64924   : 0.836638  >> 0.836638
__________________
92523 : 1.88456   : 0.859494  >> 0.859494
__________________
92523 : 1.76981   : 0.939352  >> 0.939352
__________________
92523 : 1.55685   : 0.588703  >> 0.588703
__________________
92523 : 1.75184   : 0.777312  >> 0.777312
__________________
92523 : 1.96913   : 0.796152  >> 0.796152
__________________
92523 : 1.62771   : 0.784613  >> 0.784613
__________________
92523 : 1.87284   : 0.775837  >> 0.775837
__________________
92523 : 1.94544   : 0.758007  >> 0.758007
__________________
92523 : 1.65076   : 0.735092  >> 0.735092
__________________
92523 : 1.52137   : 0.622574  >> 0.622574
__________________
92523 : 1.93618   : 0.711449  >> 0.711449
__________________
62948 : 1.68717   : 0.820126  >> 0.820126
__________________
92523 : 1.67024   : 0.905989  >> 0.905989
__________________
92523 : 1.76427   : 0.724159  >> 0.724159
__________________
92523 : 1.76178   : 0.880469  >> 0.880469
__________________
92523 : 1.63963   : 0.864782  >> 0.864782
__________________
92523 : 1.80531   : 0.758018  >> 0.758018
__________________
92523 : 1.75212   : 0.609623  >> 0.609623
__________________
92523 : 1.81521   : 0.722595  >> 0.722595
__________________
92523 : 1.73042   : 0.696885  >> 0.696885
__________________
92523 : 1.68822   : 0.682006  >> 0.682006
__________________
92523 : 1.9293   : 0.788961  >> 0.788961
__________________
92523 : 1.88233   : 0.665079  >> 0.665079
__________________
92523 : 1.89672   : 0.784615  >> 0.784615
__________________
92523 : 1.76379   : 0.900936  >> 0.900936
__________________
REF_PT_TIME,2.8e-05,INSRT_TIME,0.111071,AVG_QUERY_TIME,0.657841,AVG_HITS,0,AVG_COMP,94327.2,AVG_DIST,0,AVG_TR_DIST,189613,END
